Using pre-set license
Built from '2020.3/release' branch; Version is '2020.3.31f1 (6b54b7616050) revision 7034039'; Using compiler version '192528614'; Build Type 'Release'
OS: 'Windows 10  (10.0.19043) 64bit Education' Language: 'ko' Physical Memory: 7600 MB
BatchMode: 1, IsHumanControllingUs: 0, StartBugReporterOnCrash: 0, Is64bit: 1, IsPro: 0

COMMAND LINE ARGUMENTS:
C:\Program Files\Unity\Hub\Editor\2020.3.31f1\Editor\Unity.exe
-adb2
-batchMode
-noUpm
-name
AssetImportWorker0
-projectPath
C:/Users/Feynman/Documents/GitHub/MarkWorriors/KingdomWarriors/KingdomWarriors
-logFile
Logs/AssetImportWorker0.log
-srvPort
52466
Successfully changed project path to: C:/Users/Feynman/Documents/GitHub/MarkWorriors/KingdomWarriors/KingdomWarriors
C:/Users/Feynman/Documents/GitHub/MarkWorriors/KingdomWarriors/KingdomWarriors
Using Asset Import Pipeline V2.
Refreshing native plugins compatible for Editor in 106.99 ms, found 3 plugins.
Preloading 0 native plugins for Editor in 0.00 ms.
Initialize engine version: 2020.3.31f1 (6b54b7616050)
[Subsystems] Discovering subsystems at path C:/Program Files/Unity/Hub/Editor/2020.3.31f1/Editor/Data/Resources/UnitySubsystems
[Subsystems] Discovering subsystems at path C:/Users/Feynman/Documents/GitHub/MarkWorriors/KingdomWarriors/KingdomWarriors/Assets
GfxDevice: creating device client; threaded=0
Direct3D:
    Version:  Direct3D 11.0 [level 11.1]
    Renderer: NVIDIA GeForce MX350 (ID=0x1c96)
    Vendor:   
    VRAM:     1979 MB
    Driver:   27.21.14.6259
Initialize mono
Mono path[0] = 'C:/Program Files/Unity/Hub/Editor/2020.3.31f1/Editor/Data/Managed'
Mono path[1] = 'C:/Program Files/Unity/Hub/Editor/2020.3.31f1/Editor/Data/MonoBleedingEdge/lib/mono/unityjit'
Mono config path = 'C:/Program Files/Unity/Hub/Editor/2020.3.31f1/Editor/Data/MonoBleedingEdge/etc'
Using monoOptions --debugger-agent=transport=dt_socket,embedding=1,server=y,suspend=n,address=127.0.0.1:56752
Begin MonoManager ReloadAssembly
Registering precompiled unity dll's ...
Register platform support module: C:/Program Files/Unity/Hub/Editor/2020.3.31f1/Editor/Data/PlaybackEngines/WindowsStandaloneSupport/UnityEditor.WindowsStandalone.Extensions.dll
Registered in 0.002891 seconds.
Native extension for WindowsStandalone target not found
Refreshing native plugins compatible for Editor in 108.05 ms, found 3 plugins.
Preloading 0 native plugins for Editor in 0.00 ms.
Mono: successfully reloaded assembly
- Completed reload, in  0.743 seconds
Domain Reload Profiling:
	ReloadAssembly (743ms)
		BeginReloadAssembly (90ms)
			ExecutionOrderSort (0ms)
			DisableScriptedObjects (0ms)
			BackupInstance (0ms)
			ReleaseScriptingObjects (0ms)
			CreateAndSetChildDomain (1ms)
		EndReloadAssembly (568ms)
			LoadAssemblies (86ms)
			RebuildTransferFunctionScriptingTraits (0ms)
			SetupTypeCache (151ms)
			ReleaseScriptCaches (0ms)
			RebuildScriptCaches (41ms)
			SetupLoadedEditorAssemblies (249ms)
				LogAssemblyErrors (0ms)
				InitializePlatformSupportModulesInManaged (5ms)
				SetLoadedEditorAssemblies (0ms)
				RefreshPlugins (108ms)
				BeforeProcessingInitializeOnLoad (14ms)
				ProcessInitializeOnLoadAttributes (82ms)
				ProcessInitializeOnLoadMethodAttributes (40ms)
				AfterProcessingInitializeOnLoad (0ms)
				EditorAssembliesLoaded (0ms)
			ExecutionOrderSort2 (0ms)
			AwakeInstancesAfterBackupRestoration (0ms)
Platform modules already initialized, skipping
Registering precompiled user dll's ...
Registered in 0.012315 seconds.
Begin MonoManager ReloadAssembly
Native extension for WindowsStandalone target not found
Refreshing native plugins compatible for Editor in 1.38 ms, found 3 plugins.
Preloading 0 native plugins for Editor in 0.00 ms.
Mono: successfully reloaded assembly
- Completed reload, in  1.383 seconds
Domain Reload Profiling:
	ReloadAssembly (1384ms)
		BeginReloadAssembly (216ms)
			ExecutionOrderSort (0ms)
			DisableScriptedObjects (5ms)
			BackupInstance (0ms)
			ReleaseScriptingObjects (0ms)
			CreateAndSetChildDomain (21ms)
		EndReloadAssembly (1082ms)
			LoadAssemblies (180ms)
			RebuildTransferFunctionScriptingTraits (0ms)
			SetupTypeCache (400ms)
			ReleaseScriptCaches (1ms)
			RebuildScriptCaches (56ms)
			SetupLoadedEditorAssemblies (394ms)
				LogAssemblyErrors (0ms)
				InitializePlatformSupportModulesInManaged (6ms)
				SetLoadedEditorAssemblies (1ms)
				RefreshPlugins (2ms)
				BeforeProcessingInitializeOnLoad (118ms)
				ProcessInitializeOnLoadAttributes (245ms)
				ProcessInitializeOnLoadMethodAttributes (12ms)
				AfterProcessingInitializeOnLoad (11ms)
				EditorAssembliesLoaded (0ms)
			ExecutionOrderSort2 (0ms)
			AwakeInstancesAfterBackupRestoration (7ms)
Platform modules already initialized, skipping
========================================================================
Worker process is ready to serve import requests
Launched and connected shader compiler UnityShaderCompiler.exe after 0.18 seconds
Refreshing native plugins compatible for Editor in 1.41 ms, found 3 plugins.
Preloading 0 native plugins for Editor in 0.00 ms.
Unloading 1755 Unused Serialized files (Serialized files now loaded: 0)
System memory in use before: 113.4 MB.
System memory in use after: 113.1 MB.

Unloading 24 unused Assets to reduce memory usage. Loaded Objects now: 2278.
Total: 4.749800 ms (FindLiveObjects: 0.261800 ms CreateObjectMapping: 0.071300 ms MarkObjects: 3.904200 ms  DeleteObjects: 0.510600 ms)

AssetImportParameters requested are different than current active one (requested -> active):
  custom:framework-win-MediaFoundation: 216162199b28c13a410421893ffa2e32 -> 
  custom:video-decoder-ogg-theora: a1e56fd34408186e4bbccfd4996cb3dc -> 
  custom:container-muxer-webm: aa71ff27fc2769a1b78a27578f13a17b -> 
  custom:container-demuxer-webm: 4f35f7cbe854078d1ac9338744f61a02 -> 
  custom:container-demuxer-ogg: 62fdf1f143b41e24485cea50d1cbac27 -> 
  custom:video-encoder-webm-vp8: eb34c28f22e8b96e1ab97ce403110664 -> 
  custom:video-decoder-webm-vp8: 9c59270c3fd7afecdb556c50c9e8de78 -> 
  custom:audio-decoder-ogg-vorbis: bf7c407c2cedff20999df2af8eb42d56 -> 
  custom:audio-encoder-webm-vorbis: bf7c407c2cedff20999df2af8eb42d56 -> 
========================================================================
Received Import Request.
  path: Assets/PolygonDungeonRealms/Prefabs
  artifactKey: Guid(357e0d23373bb984f811143003e8ec4a) Importer(815301076,1909f56bfc062723c751e8b465ee728b)
Start importing Assets/PolygonDungeonRealms/Prefabs using Guid(357e0d23373bb984f811143003e8ec4a) Importer(815301076,1909f56bfc062723c751e8b465ee728b)  -> (artifact id: 'e005d062c3bc6f69a799ff0ff159a18c') in 0.017973 seconds 
========================================================================
Received Import Request.
  Time since last request: 0.000646 seconds.
  path: Assets/PolygonDungeonRealms/Models
  artifactKey: Guid(6a7883ae3ecc4bc409cd385a8c7d120f) Importer(815301076,1909f56bfc062723c751e8b465ee728b)
Start importing Assets/PolygonDungeonRealms/Models using Guid(6a7883ae3ecc4bc409cd385a8c7d120f) Importer(815301076,1909f56bfc062723c751e8b465ee728b)  -> (artifact id: '2c3bc7f3379bbaff767d24b596e036aa') in 0.011728 seconds 
========================================================================
Received Import Request.
  Time since last request: 4.805685 seconds.
  path: Assets/PolygonDungeonRealms/Prefabs/FX
  artifactKey: Guid(bf43fb20f45f2694bbf47bfbe3ec0510) Importer(815301076,1909f56bfc062723c751e8b465ee728b)
Start importing Assets/PolygonDungeonRealms/Prefabs/FX using Guid(bf43fb20f45f2694bbf47bfbe3ec0510) Importer(815301076,1909f56bfc062723c751e8b465ee728b)  -> (artifact id: '57be0478570565e435d8586da1e79666') in 0.011377 seconds 
========================================================================
Received Import Request.
  Time since last request: 1.931512 seconds.
  path: Assets/PolygonDungeonRealms/Prefabs/FX/FX_Big_Sparkle_01.prefab
  artifactKey: Guid(9f21036c7c5308c4797dc95d8aba17d2) Importer(815301076,1909f56bfc062723c751e8b465ee728b)
Start importing Assets/PolygonDungeonRealms/Prefabs/FX/FX_Big_Sparkle_01.prefab using Guid(9f21036c7c5308c4797dc95d8aba17d2) Importer(815301076,1909f56bfc062723c751e8b465ee728b)  -> (artifact id: 'e75babe3ddca624be301246dcb33c9c0') in 0.269563 seconds 
========================================================================
Received Import Request.
  Time since last request: 0.000632 seconds.
  path: Assets/PolygonDungeonRealms/Materials/Misc/Gold_Sparkle_Mat.mat
  artifactKey: Guid(685aabbe2631d66469ea6e4fe8d17124) Importer(815301076,1909f56bfc062723c751e8b465ee728b)
Start importing Assets/PolygonDungeonRealms/Materials/Misc/Gold_Sparkle_Mat.mat using Guid(685aabbe2631d66469ea6e4fe8d17124) Importer(815301076,1909f56bfc062723c751e8b465ee728b)  -> (artifact id: '260f5729503dbe24a292a2993811371d') in 0.075758 seconds 
========================================================================
Received Import Request.
  Time since last request: 6.234366 seconds.
  path: Assets/PolygonDungeonRealms/Prefabs/FX/Misc
  artifactKey: Guid(27d287a64d83b9a48aeda1dfec32bc55) Importer(815301076,1909f56bfc062723c751e8b465ee728b)
Start importing Assets/PolygonDungeonRealms/Prefabs/FX/Misc using Guid(27d287a64d83b9a48aeda1dfec32bc55) Importer(815301076,1909f56bfc062723c751e8b465ee728b)  -> (artifact id: 'cf3c2db9ca20dfed6baedbf129001922') in 0.018101 seconds 
========================================================================
Received Import Request.
  Time since last request: 5.325953 seconds.
  path: Assets/PolygonDungeonRealms/Prefabs/FX/Misc/Wind_Animation.anim
  artifactKey: Guid(8642fa0180a8f2f448441b2aa92b3ea6) Importer(815301076,1909f56bfc062723c751e8b465ee728b)
Start importing Assets/PolygonDungeonRealms/Prefabs/FX/Misc/Wind_Animation.anim using Guid(8642fa0180a8f2f448441b2aa92b3ea6) Importer(815301076,1909f56bfc062723c751e8b465ee728b)  -> (artifact id: '28d4ae5ba0a64662453c9925f256770b') in 0.012816 seconds 
========================================================================
Received Import Request.
  Time since last request: 12.513515 seconds.
  path: Assets/Scenes/SampleScene.unity
  artifactKey: Guid(9fc0d4010bbf28b4594072e72b8655ab) Importer(815301076,1909f56bfc062723c751e8b465ee728b)
Start importing Assets/Scenes/SampleScene.unity using Guid(9fc0d4010bbf28b4594072e72b8655ab) Importer(815301076,1909f56bfc062723c751e8b465ee728b)  -> (artifact id: '4b32cebd6db79c08d0a954f99a1f9e2f') in 0.008736 seconds 
========================================================================
Received Import Request.
  Time since last request: 42.664444 seconds.
  path: Assets/PolygonDungeonRealms/Models/FX_Candle_Mesh_01.fbx
  artifactKey: Guid(ec0f507e83a4c0d469065873268c8ed1) Importer(815301076,1909f56bfc062723c751e8b465ee728b)
Start importing Assets/PolygonDungeonRealms/Models/FX_Candle_Mesh_01.fbx using Guid(ec0f507e83a4c0d469065873268c8ed1) Importer(815301076,1909f56bfc062723c751e8b465ee728b)  -> (artifact id: '97166e4dbac897e7ec97964ed86e16dd') in 0.230251 seconds 
========================================================================
Received Import Request.
  Time since last request: 34.617187 seconds.
  path: Assets/PolygonDungeonRealms/Materials/Misc/FX_Circle_Mat.mat
  artifactKey: Guid(5a1ea726969f8784292b2da4647f0623) Importer(815301076,1909f56bfc062723c751e8b465ee728b)
Start importing Assets/PolygonDungeonRealms/Materials/Misc/FX_Circle_Mat.mat using Guid(5a1ea726969f8784292b2da4647f0623) Importer(815301076,1909f56bfc062723c751e8b465ee728b)  -> (artifact id: '517ed66d00850d7cb0f59298ceafed4b') in 0.029286 seconds 
========================================================================
Received Import Request.
  Time since last request: 42.148943 seconds.
  path: Assets/PolygonDungeonRealms/Models/FX_Sphere_Simple_01.fbx
  artifactKey: Guid(f876b5413874a764fa61bb243a959a1a) Importer(815301076,1909f56bfc062723c751e8b465ee728b)
Start importing Assets/PolygonDungeonRealms/Models/FX_Sphere_Simple_01.fbx using Guid(f876b5413874a764fa61bb243a959a1a) Importer(815301076,1909f56bfc062723c751e8b465ee728b)  -> (artifact id: '684f6298425e1fa4b24ad3999f729c00') in 0.026235 seconds 
========================================================================
Received Import Request.
  Time since last request: 8.073290 seconds.
  path: Assets/PolygonDungeonRealms/Materials/Misc/FX_Circle_Soft_Mat.mat
  artifactKey: Guid(46039b43339edf0479d93cf146b4c178) Importer(815301076,1909f56bfc062723c751e8b465ee728b)
Start importing Assets/PolygonDungeonRealms/Materials/Misc/FX_Circle_Soft_Mat.mat using Guid(46039b43339edf0479d93cf146b4c178) Importer(815301076,1909f56bfc062723c751e8b465ee728b)  -> (artifact id: '07c657f1a90f43e232ab9ac7701eea38') in 0.022915 seconds 
========================================================================
Received Import Request.
  Time since last request: 18.761152 seconds.
  path: Assets/PolygonDungeonRealms/Models/SM_Prop_Rock_Small_01.fbx
  artifactKey: Guid(ba85f668da3304e45826c595b4db048c) Importer(815301076,1909f56bfc062723c751e8b465ee728b)
Start importing Assets/PolygonDungeonRealms/Models/SM_Prop_Rock_Small_01.fbx using Guid(ba85f668da3304e45826c595b4db048c) Importer(815301076,1909f56bfc062723c751e8b465ee728b)  -> (artifact id: 'c2cbacaad61bc80f8554bc838ac8d051') in 0.044983 seconds 
========================================================================
Received Import Request.
  Time since last request: 9.728150 seconds.
  path: Assets/PolygonDungeonRealms/Prefabs/FX/SunShaft.prefab
  artifactKey: Guid(e091941bee533bf4d9a4b38c3f89b6f5) Importer(815301076,1909f56bfc062723c751e8b465ee728b)
Start importing Assets/PolygonDungeonRealms/Prefabs/FX/SunShaft.prefab using Guid(e091941bee533bf4d9a4b38c3f89b6f5) Importer(815301076,1909f56bfc062723c751e8b465ee728b)  -> (artifact id: '6b7d3f95e24862ac6a1e7303bb3e2c28') in 0.022706 seconds 
========================================================================
Received Import Request.
  Time since last request: 0.982313 seconds.
  path: Assets/PolygonDungeonRealms/Prefabs/FX/FX_Steam_01.prefab
  artifactKey: Guid(e60f79d92eb08f742a87aaf1f2fba606) Importer(815301076,1909f56bfc062723c751e8b465ee728b)
Start importing Assets/PolygonDungeonRealms/Prefabs/FX/FX_Steam_01.prefab using Guid(e60f79d92eb08f742a87aaf1f2fba606) Importer(815301076,1909f56bfc062723c751e8b465ee728b)  -> (artifact id: '44579abc7c2c0fbd824184211db75195') in 0.022884 seconds 
========================================================================
Received Import Request.
  Time since last request: 12.984185 seconds.
  path: Assets/PolygonDungeonRealms/Prefabs/FX/Misc/Wind.controller
  artifactKey: Guid(43933f786f5afca4e8ee981b0550fb82) Importer(815301076,1909f56bfc062723c751e8b465ee728b)
Start importing Assets/PolygonDungeonRealms/Prefabs/FX/Misc/Wind.controller using Guid(43933f786f5afca4e8ee981b0550fb82) Importer(815301076,1909f56bfc062723c751e8b465ee728b)  -> (artifact id: '10cdc3562e7769d9689a059d4b203606') in 0.025503 seconds 
========================================================================
Received Import Request.
  Time since last request: 1.191225 seconds.
  path: Assets/PolygonDungeonRealms/Prefabs/FX/Misc/Water_Wheel_Anim.anim
  artifactKey: Guid(4d6ee12c0b75e32459b788d42208193c) Importer(815301076,1909f56bfc062723c751e8b465ee728b)
Start importing Assets/PolygonDungeonRealms/Prefabs/FX/Misc/Water_Wheel_Anim.anim using Guid(4d6ee12c0b75e32459b788d42208193c) Importer(815301076,1909f56bfc062723c751e8b465ee728b)  -> (artifact id: '742627c6506bf9c5ccc714b5e1531881') in 0.016973 seconds 
========================================================================
Received Import Request.
  Time since last request: 14.239510 seconds.
  path: Assets/PolygonDungeonRealms/Prefabs/FX/FX_Hell_Brazier_Fire_01.prefab
  artifactKey: Guid(68b9ca83f6a52fd429c470306bce5916) Importer(815301076,1909f56bfc062723c751e8b465ee728b)
Start importing Assets/PolygonDungeonRealms/Prefabs/FX/FX_Hell_Brazier_Fire_01.prefab using Guid(68b9ca83f6a52fd429c470306bce5916) Importer(815301076,1909f56bfc062723c751e8b465ee728b)  -> (artifact id: '12cdb6adb5283099424234a8908d3eab') in 0.021363 seconds 
========================================================================
Received Import Request.
  Time since last request: 9.095234 seconds.
  path: Assets/PolygonDungeonRealms/Models/SM_Env_Hell_Rock_01.fbx
  artifactKey: Guid(8de33cd119328864bb0c2675ae2fa2c6) Importer(815301076,1909f56bfc062723c751e8b465ee728b)
Start importing Assets/PolygonDungeonRealms/Models/SM_Env_Hell_Rock_01.fbx using Guid(8de33cd119328864bb0c2675ae2fa2c6) Importer(815301076,1909f56bfc062723c751e8b465ee728b)  -> (artifact id: 'a661bbc6b88b50dc4b9e59b2d726a2a2') in 0.025871 seconds 
========================================================================
Received Import Request.
  Time since last request: 22.830510 seconds.
  path: Assets/PolygonDungeonRealms/Prefabs/Vehicles
  artifactKey: Guid(16939a18426db854795c9a751c4066fc) Importer(815301076,1909f56bfc062723c751e8b465ee728b)
Start importing Assets/PolygonDungeonRealms/Prefabs/Vehicles using Guid(16939a18426db854795c9a751c4066fc) Importer(815301076,1909f56bfc062723c751e8b465ee728b)  -> (artifact id: '2b494ddae0846b9e93eeca071089def4') in 0.009866 seconds 
========================================================================
Received Import Request.
  Time since last request: 1.061192 seconds.
  path: Assets/PolygonDungeonRealms/Prefabs/Weapons
  artifactKey: Guid(75b2759b7843c21489f41e6a4ae6e9cc) Importer(815301076,1909f56bfc062723c751e8b465ee728b)
Start importing Assets/PolygonDungeonRealms/Prefabs/Weapons using Guid(75b2759b7843c21489f41e6a4ae6e9cc) Importer(815301076,1909f56bfc062723c751e8b465ee728b)  -> (artifact id: '31f1034bc2c56eb86a6db0df84c588b4') in 0.018528 seconds 
========================================================================
Received Import Request.
  Time since last request: 17.815362 seconds.
  path: Assets/PolygonDungeonRealms/Materials/Alternates
  artifactKey: Guid(5623258d8a28c14499d08d5fac352bce) Importer(815301076,1909f56bfc062723c751e8b465ee728b)
Start importing Assets/PolygonDungeonRealms/Materials/Alternates using Guid(5623258d8a28c14499d08d5fac352bce) Importer(815301076,1909f56bfc062723c751e8b465ee728b)  -> (artifact id: '194aaad5b0ff366362395774d627a7c1') in 0.008833 seconds 
========================================================================
Received Import Request.
  Time since last request: 26.241153 seconds.
  path: Assets/PolygonDungeonRealms/Prefabs/Runes
  artifactKey: Guid(defecd3e6eff65e40b6ff337f34e7b28) Importer(815301076,1909f56bfc062723c751e8b465ee728b)
Start importing Assets/PolygonDungeonRealms/Prefabs/Runes using Guid(defecd3e6eff65e40b6ff337f34e7b28) Importer(815301076,1909f56bfc062723c751e8b465ee728b)  -> (artifact id: 'afe5904bbd06e85dc115066ef02fa6f6') in 0.012089 seconds 
AssetImportWorkerClient::OnTransportError - code=2 error=End of file
