Using pre-set license
Built from '2020.3/staging' branch; Version is '2020.3.30f1 (1fb1bf06830e) revision 2077119'; Using compiler version '192528614'; Build Type 'Release'
OS: 'Windows 10  (10.0.19044) 64bit Core' Language: 'ko' Physical Memory: 16303 MB
BatchMode: 1, IsHumanControllingUs: 0, StartBugReporterOnCrash: 0, Is64bit: 1, IsPro: 0

COMMAND LINE ARGUMENTS:
C:\Program Files\Unity\Hub\Editor\2020.3.30f1\Editor\Unity.exe
-adb2
-batchMode
-noUpm
-name
AssetImportWorker0
-projectPath
C:/Users/medici/Documents/GitHub/MarkWorriors/MarkWorriors
-logFile
Logs/AssetImportWorker0.log
-srvPort
64709
Successfully changed project path to: C:/Users/medici/Documents/GitHub/MarkWorriors/MarkWorriors
C:/Users/medici/Documents/GitHub/MarkWorriors/MarkWorriors
Using Asset Import Pipeline V2.
Refreshing native plugins compatible for Editor in 56.43 ms, found 2 plugins.
Preloading 0 native plugins for Editor in 0.00 ms.
Initialize engine version: 2020.3.30f1 (1fb1bf06830e)
[Subsystems] Discovering subsystems at path C:/Program Files/Unity/Hub/Editor/2020.3.30f1/Editor/Data/Resources/UnitySubsystems
[Subsystems] Discovering subsystems at path C:/Users/medici/Documents/GitHub/MarkWorriors/MarkWorriors/Assets
GfxDevice: creating device client; threaded=0
Direct3D:
    Version:  Direct3D 11.0 [level 11.1]
    Renderer: NVIDIA GeForce RTX 2070 with Max-Q Design (ID=0x1f50)
    Vendor:   
    VRAM:     8031 MB
    Driver:   26.21.14.3165
Initialize mono
Mono path[0] = 'C:/Program Files/Unity/Hub/Editor/2020.3.30f1/Editor/Data/Managed'
Mono path[1] = 'C:/Program Files/Unity/Hub/Editor/2020.3.30f1/Editor/Data/MonoBleedingEdge/lib/mono/unityjit'
Mono config path = 'C:/Program Files/Unity/Hub/Editor/2020.3.30f1/Editor/Data/MonoBleedingEdge/etc'
Using monoOptions --debugger-agent=transport=dt_socket,embedding=1,server=y,suspend=n,address=127.0.0.1:56108
Begin MonoManager ReloadAssembly
Registering precompiled unity dll's ...
Register platform support module: C:/Program Files/Unity/Hub/Editor/2020.3.30f1/Editor/Data/PlaybackEngines/WebGLSupport/UnityEditor.WebGL.Extensions.dll
Register platform support module: C:/Program Files/Unity/Hub/Editor/2020.3.30f1/Editor/Data/PlaybackEngines/WindowsStandaloneSupport/UnityEditor.WindowsStandalone.Extensions.dll
Registered in 0.003277 seconds.
Native extension for WindowsStandalone target not found
Native extension for WebGL target not found
Refreshing native plugins compatible for Editor in 57.90 ms, found 2 plugins.
Preloading 0 native plugins for Editor in 0.00 ms.
Mono: successfully reloaded assembly
- Completed reload, in  0.672 seconds
Domain Reload Profiling:
	ReloadAssembly (673ms)
		BeginReloadAssembly (90ms)
			ExecutionOrderSort (0ms)
			DisableScriptedObjects (0ms)
			BackupInstance (0ms)
			ReleaseScriptingObjects (0ms)
			CreateAndSetChildDomain (1ms)
		EndReloadAssembly (499ms)
			LoadAssemblies (86ms)
			RebuildTransferFunctionScriptingTraits (0ms)
			SetupTypeCache (171ms)
			ReleaseScriptCaches (0ms)
			RebuildScriptCaches (31ms)
			SetupLoadedEditorAssemblies (186ms)
				LogAssemblyErrors (0ms)
				InitializePlatformSupportModulesInManaged (5ms)
				SetLoadedEditorAssemblies (0ms)
				RefreshPlugins (58ms)
				BeforeProcessingInitializeOnLoad (16ms)
				ProcessInitializeOnLoadAttributes (77ms)
				ProcessInitializeOnLoadMethodAttributes (29ms)
				AfterProcessingInitializeOnLoad (0ms)
				EditorAssembliesLoaded (0ms)
			ExecutionOrderSort2 (0ms)
			AwakeInstancesAfterBackupRestoration (0ms)
Platform modules already initialized, skipping
Registering precompiled user dll's ...
Registered in 0.004433 seconds.
Begin MonoManager ReloadAssembly
Native extension for WindowsStandalone target not found
Native extension for WebGL target not found
Refreshing native plugins compatible for Editor in 0.64 ms, found 2 plugins.
Preloading 0 native plugins for Editor in 0.00 ms.
Mono: successfully reloaded assembly
- Completed reload, in  1.046 seconds
Domain Reload Profiling:
	ReloadAssembly (1047ms)
		BeginReloadAssembly (171ms)
			ExecutionOrderSort (0ms)
			DisableScriptedObjects (5ms)
			BackupInstance (0ms)
			ReleaseScriptingObjects (0ms)
			CreateAndSetChildDomain (18ms)
		EndReloadAssembly (812ms)
			LoadAssemblies (122ms)
			RebuildTransferFunctionScriptingTraits (0ms)
			SetupTypeCache (277ms)
			ReleaseScriptCaches (0ms)
			RebuildScriptCaches (42ms)
			SetupLoadedEditorAssemblies (306ms)
				LogAssemblyErrors (0ms)
				InitializePlatformSupportModulesInManaged (6ms)
				SetLoadedEditorAssemblies (1ms)
				RefreshPlugins (1ms)
				BeforeProcessingInitializeOnLoad (83ms)
				ProcessInitializeOnLoadAttributes (196ms)
				ProcessInitializeOnLoadMethodAttributes (9ms)
				AfterProcessingInitializeOnLoad (10ms)
				EditorAssembliesLoaded (0ms)
			ExecutionOrderSort2 (0ms)
			AwakeInstancesAfterBackupRestoration (7ms)
Platform modules already initialized, skipping
========================================================================
Worker process is ready to serve import requests
Launched and connected shader compiler UnityShaderCompiler.exe after 0.08 seconds
Refreshing native plugins compatible for Editor in 0.55 ms, found 2 plugins.
Preloading 0 native plugins for Editor in 0.00 ms.
Unloading 1513 Unused Serialized files (Serialized files now loaded: 0)
System memory in use before: 86.4 MB.
System memory in use after: 86.5 MB.

Unloading 16 unused Assets to reduce memory usage. Loaded Objects now: 1963.
Total: 2.852200 ms (FindLiveObjects: 0.129300 ms CreateObjectMapping: 0.040700 ms MarkObjects: 2.608700 ms  DeleteObjects: 0.072800 ms)

AssetImportParameters requested are different than current active one (requested -> active):
  custom:framework-win-MediaFoundation: 216162199b28c13a410421893ffa2e32 -> 
  custom:video-decoder-ogg-theora: a1e56fd34408186e4bbccfd4996cb3dc -> 
  custom:container-muxer-webm: aa71ff27fc2769a1b78a27578f13a17b -> 
  custom:container-demuxer-webm: 4f35f7cbe854078d1ac9338744f61a02 -> 
  custom:container-demuxer-ogg: 62fdf1f143b41e24485cea50d1cbac27 -> 
  custom:video-encoder-webm-vp8: eb34c28f22e8b96e1ab97ce403110664 -> 
  custom:video-decoder-webm-vp8: 9c59270c3fd7afecdb556c50c9e8de78 -> 
  custom:audio-decoder-ogg-vorbis: bf7c407c2cedff20999df2af8eb42d56 -> 
  custom:audio-encoder-webm-vorbis: bf7c407c2cedff20999df2af8eb42d56 -> 
========================================================================
Received Import Request.
  path: Assets/PolygonDungeonRealms/Models/Characters/Characters.fbx
  artifactKey: Guid(9ad76de1617627d45ba4fa8ddf255af4) Importer(815301076,1909f56bfc062723c751e8b465ee728b)
Start importing Assets/PolygonDungeonRealms/Models/Characters/Characters.fbx using Guid(9ad76de1617627d45ba4fa8ddf255af4) Importer(815301076,1909f56bfc062723c751e8b465ee728b)  -> (artifact id: '115b306296e29714e4865d5d1fc8ab7c') in 0.263106 seconds 
========================================================================
Received Import Request.
  Time since last request: 191.558708 seconds.
  path: Assets/PolygonDungeonRealms/Prefabs/Characters/BR_Attachmnets
  artifactKey: Guid(274e87270f3c3ee48938eaaa8bf71c1a) Importer(815301076,1909f56bfc062723c751e8b465ee728b)
Start importing Assets/PolygonDungeonRealms/Prefabs/Characters/BR_Attachmnets using Guid(274e87270f3c3ee48938eaaa8bf71c1a) Importer(815301076,1909f56bfc062723c751e8b465ee728b)  -> (artifact id: 'e1b1f49f34edf9f0a3691657a93bb4d6') in 0.007410 seconds 
========================================================================
Received Import Request.
  Time since last request: 12.539721 seconds.
  path: Assets/PolygonDungeonRealms/Prefabs/Generic
  artifactKey: Guid(fc768a5094f7390409c4ddebac3c01e9) Importer(815301076,1909f56bfc062723c751e8b465ee728b)
Start importing Assets/PolygonDungeonRealms/Prefabs/Generic using Guid(fc768a5094f7390409c4ddebac3c01e9) Importer(815301076,1909f56bfc062723c751e8b465ee728b)  -> (artifact id: '2b99bf110291d36c68c72b480fbba885') in 0.008167 seconds 
========================================================================
Received Import Request.
  Time since last request: 13.181383 seconds.
  path: Assets/PolygonDungeonRealms/Prefabs/Props
  artifactKey: Guid(45b3eb6a514478c4c9a3569663c3282e) Importer(815301076,1909f56bfc062723c751e8b465ee728b)
Start importing Assets/PolygonDungeonRealms/Prefabs/Props using Guid(45b3eb6a514478c4c9a3569663c3282e) Importer(815301076,1909f56bfc062723c751e8b465ee728b)  -> (artifact id: 'e1282e128bfd69df0cb743908512c2ac') in 0.007519 seconds 
========================================================================
Received Import Request.
  Time since last request: 43.829112 seconds.
  path: Assets/PolygonDungeonRealms/Prefabs/Characters/Chr_Undead_Knight_01.prefab
  artifactKey: Guid(cb4ff29f6f657bc4d94ed49c50a70be2) Importer(815301076,1909f56bfc062723c751e8b465ee728b)
Start importing Assets/PolygonDungeonRealms/Prefabs/Characters/Chr_Undead_Knight_01.prefab using Guid(cb4ff29f6f657bc4d94ed49c50a70be2) Importer(815301076,1909f56bfc062723c751e8b465ee728b)  -> (artifact id: '95248b3fee4a7b6cdf5c4c4ef76c0cf2') in 0.093729 seconds 
========================================================================
Received Import Request.
  Time since last request: 0.521387 seconds.
  path: Assets/PolygonDungeonRealms/Prefabs/Characters/Chr_Skeleton_01.prefab
  artifactKey: Guid(908987278249b014f91c9e63dd7174e8) Importer(815301076,1909f56bfc062723c751e8b465ee728b)
Start importing Assets/PolygonDungeonRealms/Prefabs/Characters/Chr_Skeleton_01.prefab using Guid(908987278249b014f91c9e63dd7174e8) Importer(815301076,1909f56bfc062723c751e8b465ee728b)  -> (artifact id: '8db20ba3bd5ec2708ff569225011ef56') in 0.064285 seconds 
========================================================================
Received Import Request.
  Time since last request: 2.456322 seconds.
  path: Assets/PolygonDungeonRealms/Prefabs/Characters/Chr_Nomad_Male_03.prefab
  artifactKey: Guid(64eb1c3ceef25d4408786c061ce050ea) Importer(815301076,1909f56bfc062723c751e8b465ee728b)
Start importing Assets/PolygonDungeonRealms/Prefabs/Characters/Chr_Nomad_Male_03.prefab using Guid(64eb1c3ceef25d4408786c061ce050ea) Importer(815301076,1909f56bfc062723c751e8b465ee728b)  -> (artifact id: '9ce713b5fab85411d33270959d861a0b') in 0.051835 seconds 
========================================================================
Received Import Request.
  Time since last request: 70.229013 seconds.
  path: Assets/PolygonDungeonRealms/Models/Characters/Character_BR.fbx
  artifactKey: Guid(792e61d487156d94db0fd45793a62d76) Importer(815301076,1909f56bfc062723c751e8b465ee728b)
Start importing Assets/PolygonDungeonRealms/Models/Characters/Character_BR.fbx using Guid(792e61d487156d94db0fd45793a62d76) Importer(815301076,1909f56bfc062723c751e8b465ee728b)  -> (artifact id: '49a3e550fcbb9df86131e734810b243d') in 0.133183 seconds 
========================================================================
Received Import Request.
  Time since last request: 285.031993 seconds.
  path: Assets/PolygonDungeonRealms/Models/Characters/Hip Hop Dancing.fbx
  artifactKey: Guid(c61def7d43696244ea99a9704d69d0a9) Importer(815301076,1909f56bfc062723c751e8b465ee728b)
Start importing Assets/PolygonDungeonRealms/Models/Characters/Hip Hop Dancing.fbx using Guid(c61def7d43696244ea99a9704d69d0a9) Importer(815301076,1909f56bfc062723c751e8b465ee728b)  -> (artifact id: '2461987019e2153a4b026dd1664bbba2') in 0.161823 seconds 
========================================================================
Received Import Request.
  Time since last request: 185.710679 seconds.
  path: Assets/PolygonDungeonRealms/Models/Characters/Hip Hop Dancing.fbx
  artifactKey: Guid(c61def7d43696244ea99a9704d69d0a9) Importer(815301076,1909f56bfc062723c751e8b465ee728b)
Start importing Assets/PolygonDungeonRealms/Models/Characters/Hip Hop Dancing.fbx using Guid(c61def7d43696244ea99a9704d69d0a9) Importer(815301076,1909f56bfc062723c751e8b465ee728b)  -> (artifact id: '50818f1bfd49447fc81f2fa6b9c7af6e') in 0.104201 seconds 
========================================================================
Received Import Request.
  Time since last request: 220.999642 seconds.
  path: Assets/PolygonDungeonRealms/Prefabs/Characters/Chr_BR_Demon_01.prefab
  artifactKey: Guid(13087e211b7388945b22bab7dd93cb8f) Importer(815301076,1909f56bfc062723c751e8b465ee728b)
Start importing Assets/PolygonDungeonRealms/Prefabs/Characters/Chr_BR_Demon_01.prefab using Guid(13087e211b7388945b22bab7dd93cb8f) Importer(815301076,1909f56bfc062723c751e8b465ee728b)  -> (artifact id: '6d21504fc3554e05aa272cb59effca84') in 0.060797 seconds 
========================================================================
Received Import Request.
  Time since last request: 115.016945 seconds.
  path: Assets/AC_Demon.controller
  artifactKey: Guid(3b94606982c5e7c42b771894bd908ca6) Importer(815301076,1909f56bfc062723c751e8b465ee728b)
Start importing Assets/AC_Demon.controller using Guid(3b94606982c5e7c42b771894bd908ca6) Importer(815301076,1909f56bfc062723c751e8b465ee728b)  -> (artifact id: '019fa1ae8bb9e540dc74878cce238bdb') in 0.010751 seconds 
========================================================================
Received Import Request.
  Time since last request: 36.747137 seconds.
  path: Assets/PolygonDungeonRealms
  artifactKey: Guid(904318633a71ca64faf0fbc27d7ca5c9) Importer(815301076,1909f56bfc062723c751e8b465ee728b)
Start importing Assets/PolygonDungeonRealms using Guid(904318633a71ca64faf0fbc27d7ca5c9) Importer(815301076,1909f56bfc062723c751e8b465ee728b)  -> (artifact id: '4785d3272e7554add44c4dee2c546486') in 0.005326 seconds 
========================================================================
Received Import Request.
  Time since last request: 4.771328 seconds.
  path: Assets/PolygonDungeonRealms/Models
  artifactKey: Guid(6a7883ae3ecc4bc409cd385a8c7d120f) Importer(815301076,1909f56bfc062723c751e8b465ee728b)
Start importing Assets/PolygonDungeonRealms/Models using Guid(6a7883ae3ecc4bc409cd385a8c7d120f) Importer(815301076,1909f56bfc062723c751e8b465ee728b)  -> (artifact id: 'dd7212c4c9a1991f0286301117b001f0') in 0.005431 seconds 
========================================================================
Received Import Request.
  Time since last request: 1.906000 seconds.
  path: Assets/PolygonDungeonRealms/Models/Characters
  artifactKey: Guid(d73b3a7690f2e4c4c8462bb43d7698c6) Importer(815301076,1909f56bfc062723c751e8b465ee728b)
Start importing Assets/PolygonDungeonRealms/Models/Characters using Guid(d73b3a7690f2e4c4c8462bb43d7698c6) Importer(815301076,1909f56bfc062723c751e8b465ee728b)  -> (artifact id: '120f296721ecbd077064f6ac3cd80de3') in 0.002277 seconds 
========================================================================
Received Prepare
Registering precompiled user dll's ...
Registered in 0.003722 seconds.
Begin MonoManager ReloadAssembly
Native extension for WindowsStandalone target not found
Native extension for WebGL target not found
Refreshing native plugins compatible for Editor in 0.57 ms, found 2 plugins.
Preloading 0 native plugins for Editor in 0.00 ms.
Mono: successfully reloaded assembly
- Completed reload, in  0.903 seconds
Domain Reload Profiling:
	ReloadAssembly (903ms)
		BeginReloadAssembly (119ms)
			ExecutionOrderSort (0ms)
			DisableScriptedObjects (5ms)
			BackupInstance (0ms)
			ReleaseScriptingObjects (0ms)
			CreateAndSetChildDomain (31ms)
		EndReloadAssembly (722ms)
			LoadAssemblies (98ms)
			RebuildTransferFunctionScriptingTraits (0ms)
			SetupTypeCache (250ms)
			ReleaseScriptCaches (1ms)
			RebuildScriptCaches (36ms)
			SetupLoadedEditorAssemblies (265ms)
				LogAssemblyErrors (0ms)
				InitializePlatformSupportModulesInManaged (5ms)
				SetLoadedEditorAssemblies (0ms)
				RefreshPlugins (1ms)
				BeforeProcessingInitializeOnLoad (70ms)
				ProcessInitializeOnLoadAttributes (174ms)
				ProcessInitializeOnLoadMethodAttributes (8ms)
				AfterProcessingInitializeOnLoad (7ms)
				EditorAssembliesLoaded (0ms)
			ExecutionOrderSort2 (0ms)
			AwakeInstancesAfterBackupRestoration (7ms)
Platform modules already initialized, skipping
Refreshing native plugins compatible for Editor in 0.57 ms, found 2 plugins.
Preloading 0 native plugins for Editor in 0.00 ms.
Unloading 1507 Unused Serialized files (Serialized files now loaded: 0)
System memory in use before: 103.5 MB.
System memory in use after: 103.6 MB.

Unloading 12 unused Assets to reduce memory usage. Loaded Objects now: 2010.
Total: 2.467400 ms (FindLiveObjects: 0.112000 ms CreateObjectMapping: 0.039100 ms MarkObjects: 2.296700 ms  DeleteObjects: 0.019000 ms)

AssetImportParameters requested are different than current active one (requested -> active):
  custom:framework-win-MediaFoundation: 216162199b28c13a410421893ffa2e32 -> 
  custom:video-decoder-ogg-theora: a1e56fd34408186e4bbccfd4996cb3dc -> 
  custom:container-muxer-webm: aa71ff27fc2769a1b78a27578f13a17b -> 
  custom:container-demuxer-webm: 4f35f7cbe854078d1ac9338744f61a02 -> 
  custom:container-demuxer-ogg: 62fdf1f143b41e24485cea50d1cbac27 -> 
  custom:video-encoder-webm-vp8: eb34c28f22e8b96e1ab97ce403110664 -> 
  custom:video-decoder-webm-vp8: 9c59270c3fd7afecdb556c50c9e8de78 -> 
  custom:audio-decoder-ogg-vorbis: bf7c407c2cedff20999df2af8eb42d56 -> 
  custom:audio-encoder-webm-vorbis: bf7c407c2cedff20999df2af8eb42d56 -> 
========================================================================
Received Import Request.
  Time since last request: 278.085416 seconds.
  path: Assets/Monster_Orc (Troll)/Meshes/monster_orc.fbx
  artifactKey: Guid(61b8698a2176146289745095c88a5155) Importer(815301076,1909f56bfc062723c751e8b465ee728b)
Start importing Assets/Monster_Orc (Troll)/Meshes/monster_orc.fbx using Guid(61b8698a2176146289745095c88a5155) Importer(815301076,1909f56bfc062723c751e8b465ee728b)  -> (artifact id: '4146f6fd3b0cb62e123967efce7f0a96') in 0.138629 seconds 
========================================================================
Received Import Request.
  Time since last request: 2.421987 seconds.
  path: Assets/Monster_Orc (Troll)/Meshes/monster_non_anim_orc.fbx
  artifactKey: Guid(3f305f1e0da934d30b7fa123a25b4edd) Importer(815301076,1909f56bfc062723c751e8b465ee728b)
Start importing Assets/Monster_Orc (Troll)/Meshes/monster_non_anim_orc.fbx using Guid(3f305f1e0da934d30b7fa123a25b4edd) Importer(815301076,1909f56bfc062723c751e8b465ee728b)  -> (artifact id: '99ed76067a0deeb598de462de69e6ef2') in 0.072615 seconds 
========================================================================
Received Import Request.
  Time since last request: 6.234141 seconds.
  path: Assets/Monster_Orc (Troll)/Prefabs/monster_orc.prefab
  artifactKey: Guid(71c2b86e4d7bc49b894c67d7b7a7b83f) Importer(815301076,1909f56bfc062723c751e8b465ee728b)
Start importing Assets/Monster_Orc (Troll)/Prefabs/monster_orc.prefab using Guid(71c2b86e4d7bc49b894c67d7b7a7b83f) Importer(815301076,1909f56bfc062723c751e8b465ee728b)  -> (artifact id: 'c1388d5045022252b1a3da667bbb6a44') in 0.037385 seconds 
========================================================================
Received Import Request.
  Time since last request: 22.216285 seconds.
  path: Assets/PolygonDungeonRealms/Prefabs/Characters
  artifactKey: Guid(3456349c88ea2e244820e64d07c038a6) Importer(815301076,1909f56bfc062723c751e8b465ee728b)
Start importing Assets/PolygonDungeonRealms/Prefabs/Characters using Guid(3456349c88ea2e244820e64d07c038a6) Importer(815301076,1909f56bfc062723c751e8b465ee728b)  -> (artifact id: 'ac78caa28d0949882fbc80435a6ae3ab') in 0.001971 seconds 
========================================================================
Received Prepare
Registering precompiled user dll's ...
Registered in 0.003735 seconds.
Begin MonoManager ReloadAssembly
Native extension for WindowsStandalone target not found
Native extension for WebGL target not found
Refreshing native plugins compatible for Editor in 0.57 ms, found 2 plugins.
Preloading 0 native plugins for Editor in 0.00 ms.
Mono: successfully reloaded assembly
- Completed reload, in  0.888 seconds
Domain Reload Profiling:
	ReloadAssembly (888ms)
		BeginReloadAssembly (115ms)
			ExecutionOrderSort (0ms)
			DisableScriptedObjects (4ms)
			BackupInstance (0ms)
			ReleaseScriptingObjects (0ms)
			CreateAndSetChildDomain (30ms)
		EndReloadAssembly (714ms)
			LoadAssemblies (98ms)
			RebuildTransferFunctionScriptingTraits (0ms)
			SetupTypeCache (244ms)
			ReleaseScriptCaches (1ms)
			RebuildScriptCaches (36ms)
			SetupLoadedEditorAssemblies (263ms)
				LogAssemblyErrors (0ms)
				InitializePlatformSupportModulesInManaged (5ms)
				SetLoadedEditorAssemblies (0ms)
				RefreshPlugins (1ms)
				BeforeProcessingInitializeOnLoad (69ms)
				ProcessInitializeOnLoadAttributes (172ms)
				ProcessInitializeOnLoadMethodAttributes (8ms)
				AfterProcessingInitializeOnLoad (7ms)
				EditorAssembliesLoaded (0ms)
			ExecutionOrderSort2 (0ms)
			AwakeInstancesAfterBackupRestoration (6ms)
Platform modules already initialized, skipping
Refreshing native plugins compatible for Editor in 0.58 ms, found 2 plugins.
Preloading 0 native plugins for Editor in 0.00 ms.
Unloading 1507 Unused Serialized files (Serialized files now loaded: 0)
System memory in use before: 103.6 MB.
System memory in use after: 103.7 MB.

Unloading 11 unused Assets to reduce memory usage. Loaded Objects now: 2014.
Total: 2.505400 ms (FindLiveObjects: 0.106200 ms CreateObjectMapping: 0.038500 ms MarkObjects: 2.345200 ms  DeleteObjects: 0.014800 ms)

AssetImportParameters requested are different than current active one (requested -> active):
  custom:framework-win-MediaFoundation: 216162199b28c13a410421893ffa2e32 -> 
  custom:video-decoder-ogg-theora: a1e56fd34408186e4bbccfd4996cb3dc -> 
  custom:container-muxer-webm: aa71ff27fc2769a1b78a27578f13a17b -> 
  custom:container-demuxer-webm: 4f35f7cbe854078d1ac9338744f61a02 -> 
  custom:container-demuxer-ogg: 62fdf1f143b41e24485cea50d1cbac27 -> 
  custom:video-encoder-webm-vp8: eb34c28f22e8b96e1ab97ce403110664 -> 
  custom:video-decoder-webm-vp8: 9c59270c3fd7afecdb556c50c9e8de78 -> 
  custom:audio-decoder-ogg-vorbis: bf7c407c2cedff20999df2af8eb42d56 -> 
  custom:audio-encoder-webm-vorbis: bf7c407c2cedff20999df2af8eb42d56 -> 
========================================================================
Received Prepare
Registering precompiled user dll's ...
Registered in 0.003679 seconds.
Begin MonoManager ReloadAssembly
Native extension for WindowsStandalone target not found
Native extension for WebGL target not found
Refreshing native plugins compatible for Editor in 0.57 ms, found 2 plugins.
Preloading 0 native plugins for Editor in 0.00 ms.
Mono: successfully reloaded assembly
- Completed reload, in  0.893 seconds
Domain Reload Profiling:
	ReloadAssembly (894ms)
		BeginReloadAssembly (112ms)
			ExecutionOrderSort (0ms)
			DisableScriptedObjects (4ms)
			BackupInstance (0ms)
			ReleaseScriptingObjects (0ms)
			CreateAndSetChildDomain (28ms)
		EndReloadAssembly (722ms)
			LoadAssemblies (97ms)
			RebuildTransferFunctionScriptingTraits (0ms)
			SetupTypeCache (242ms)
			ReleaseScriptCaches (1ms)
			RebuildScriptCaches (37ms)
			SetupLoadedEditorAssemblies (271ms)
				LogAssemblyErrors (0ms)
				InitializePlatformSupportModulesInManaged (5ms)
				SetLoadedEditorAssemblies (0ms)
				RefreshPlugins (1ms)
				BeforeProcessingInitializeOnLoad (71ms)
				ProcessInitializeOnLoadAttributes (177ms)
				ProcessInitializeOnLoadMethodAttributes (8ms)
				AfterProcessingInitializeOnLoad (8ms)
				EditorAssembliesLoaded (0ms)
			ExecutionOrderSort2 (0ms)
			AwakeInstancesAfterBackupRestoration (6ms)
Platform modules already initialized, skipping
Refreshing native plugins compatible for Editor in 0.55 ms, found 2 plugins.
Preloading 0 native plugins for Editor in 0.00 ms.
Unloading 1507 Unused Serialized files (Serialized files now loaded: 0)
System memory in use before: 103.6 MB.
System memory in use after: 103.7 MB.

Unloading 11 unused Assets to reduce memory usage. Loaded Objects now: 2017.
Total: 2.680400 ms (FindLiveObjects: 0.121800 ms CreateObjectMapping: 0.043500 ms MarkObjects: 2.498400 ms  DeleteObjects: 0.015900 ms)

AssetImportParameters requested are different than current active one (requested -> active):
  custom:framework-win-MediaFoundation: 216162199b28c13a410421893ffa2e32 -> 
  custom:video-decoder-ogg-theora: a1e56fd34408186e4bbccfd4996cb3dc -> 
  custom:container-muxer-webm: aa71ff27fc2769a1b78a27578f13a17b -> 
  custom:container-demuxer-webm: 4f35f7cbe854078d1ac9338744f61a02 -> 
  custom:container-demuxer-ogg: 62fdf1f143b41e24485cea50d1cbac27 -> 
  custom:video-encoder-webm-vp8: eb34c28f22e8b96e1ab97ce403110664 -> 
  custom:video-decoder-webm-vp8: 9c59270c3fd7afecdb556c50c9e8de78 -> 
  custom:audio-decoder-ogg-vorbis: bf7c407c2cedff20999df2af8eb42d56 -> 
  custom:audio-encoder-webm-vorbis: bf7c407c2cedff20999df2af8eb42d56 -> 
========================================================================
Received Prepare
Registering precompiled user dll's ...
Registered in 0.003952 seconds.
Begin MonoManager ReloadAssembly
Native extension for WindowsStandalone target not found
Native extension for WebGL target not found
Refreshing native plugins compatible for Editor in 0.57 ms, found 2 plugins.
Preloading 0 native plugins for Editor in 0.00 ms.
Mono: successfully reloaded assembly
- Completed reload, in  0.901 seconds
Domain Reload Profiling:
	ReloadAssembly (901ms)
		BeginReloadAssembly (112ms)
			ExecutionOrderSort (0ms)
			DisableScriptedObjects (4ms)
			BackupInstance (0ms)
			ReleaseScriptingObjects (0ms)
			CreateAndSetChildDomain (27ms)
		EndReloadAssembly (730ms)
			LoadAssemblies (99ms)
			RebuildTransferFunctionScriptingTraits (0ms)
			SetupTypeCache (245ms)
			ReleaseScriptCaches (1ms)
			RebuildScriptCaches (37ms)
			SetupLoadedEditorAssemblies (273ms)
				LogAssemblyErrors (0ms)
				InitializePlatformSupportModulesInManaged (5ms)
				SetLoadedEditorAssemblies (0ms)
				RefreshPlugins (1ms)
				BeforeProcessingInitializeOnLoad (72ms)
				ProcessInitializeOnLoadAttributes (179ms)
				ProcessInitializeOnLoadMethodAttributes (8ms)
				AfterProcessingInitializeOnLoad (8ms)
				EditorAssembliesLoaded (0ms)
			ExecutionOrderSort2 (0ms)
			AwakeInstancesAfterBackupRestoration (6ms)
Platform modules already initialized, skipping
Refreshing native plugins compatible for Editor in 0.59 ms, found 2 plugins.
Preloading 0 native plugins for Editor in 0.00 ms.
Unloading 1507 Unused Serialized files (Serialized files now loaded: 0)
System memory in use before: 103.6 MB.
System memory in use after: 103.7 MB.

Unloading 11 unused Assets to reduce memory usage. Loaded Objects now: 2020.
Total: 2.491000 ms (FindLiveObjects: 0.123200 ms CreateObjectMapping: 0.040400 ms MarkObjects: 2.309900 ms  DeleteObjects: 0.016900 ms)

AssetImportParameters requested are different than current active one (requested -> active):
  custom:framework-win-MediaFoundation: 216162199b28c13a410421893ffa2e32 -> 
  custom:video-decoder-ogg-theora: a1e56fd34408186e4bbccfd4996cb3dc -> 
  custom:container-muxer-webm: aa71ff27fc2769a1b78a27578f13a17b -> 
  custom:container-demuxer-webm: 4f35f7cbe854078d1ac9338744f61a02 -> 
  custom:container-demuxer-ogg: 62fdf1f143b41e24485cea50d1cbac27 -> 
  custom:video-encoder-webm-vp8: eb34c28f22e8b96e1ab97ce403110664 -> 
  custom:video-decoder-webm-vp8: 9c59270c3fd7afecdb556c50c9e8de78 -> 
  custom:audio-decoder-ogg-vorbis: bf7c407c2cedff20999df2af8eb42d56 -> 
  custom:audio-encoder-webm-vorbis: bf7c407c2cedff20999df2af8eb42d56 -> 
========================================================================
Received Prepare
Registering precompiled user dll's ...
Registered in 0.003653 seconds.
Begin MonoManager ReloadAssembly
Native extension for WindowsStandalone target not found
Native extension for WebGL target not found
Refreshing native plugins compatible for Editor in 0.60 ms, found 2 plugins.
Preloading 0 native plugins for Editor in 0.00 ms.
Mono: successfully reloaded assembly
- Completed reload, in  0.889 seconds
Domain Reload Profiling:
	ReloadAssembly (890ms)
		BeginReloadAssembly (113ms)
			ExecutionOrderSort (0ms)
			DisableScriptedObjects (4ms)
			BackupInstance (0ms)
			ReleaseScriptingObjects (0ms)
			CreateAndSetChildDomain (27ms)
		EndReloadAssembly (717ms)
			LoadAssemblies (99ms)
			RebuildTransferFunctionScriptingTraits (0ms)
			SetupTypeCache (242ms)
			ReleaseScriptCaches (1ms)
			RebuildScriptCaches (36ms)
			SetupLoadedEditorAssemblies (267ms)
				LogAssemblyErrors (0ms)
				InitializePlatformSupportModulesInManaged (5ms)
				SetLoadedEditorAssemblies (0ms)
				RefreshPlugins (1ms)
				BeforeProcessingInitializeOnLoad (70ms)
				ProcessInitializeOnLoadAttributes (175ms)
				ProcessInitializeOnLoadMethodAttributes (8ms)
				AfterProcessingInitializeOnLoad (8ms)
				EditorAssembliesLoaded (0ms)
			ExecutionOrderSort2 (0ms)
			AwakeInstancesAfterBackupRestoration (7ms)
Platform modules already initialized, skipping
Refreshing native plugins compatible for Editor in 0.57 ms, found 2 plugins.
Preloading 0 native plugins for Editor in 0.00 ms.
Unloading 1507 Unused Serialized files (Serialized files now loaded: 0)
System memory in use before: 103.6 MB.
System memory in use after: 103.7 MB.

Unloading 11 unused Assets to reduce memory usage. Loaded Objects now: 2023.
Total: 2.539100 ms (FindLiveObjects: 0.128900 ms CreateObjectMapping: 0.041800 ms MarkObjects: 2.351200 ms  DeleteObjects: 0.016600 ms)

AssetImportParameters requested are different than current active one (requested -> active):
  custom:framework-win-MediaFoundation: 216162199b28c13a410421893ffa2e32 -> 
  custom:video-decoder-ogg-theora: a1e56fd34408186e4bbccfd4996cb3dc -> 
  custom:container-muxer-webm: aa71ff27fc2769a1b78a27578f13a17b -> 
  custom:container-demuxer-webm: 4f35f7cbe854078d1ac9338744f61a02 -> 
  custom:container-demuxer-ogg: 62fdf1f143b41e24485cea50d1cbac27 -> 
  custom:video-encoder-webm-vp8: eb34c28f22e8b96e1ab97ce403110664 -> 
  custom:video-decoder-webm-vp8: 9c59270c3fd7afecdb556c50c9e8de78 -> 
  custom:audio-decoder-ogg-vorbis: bf7c407c2cedff20999df2af8eb42d56 -> 
  custom:audio-encoder-webm-vorbis: bf7c407c2cedff20999df2af8eb42d56 -> 
========================================================================
Received Import Request.
  Time since last request: 923.045301 seconds.
  path: Assets/PolygonDungeonRealms/Models/Characters/Hip Hop Dancing.fbx
  artifactKey: Guid(c61def7d43696244ea99a9704d69d0a9) Importer(815301076,1909f56bfc062723c751e8b465ee728b)
Start importing Assets/PolygonDungeonRealms/Models/Characters/Hip Hop Dancing.fbx using Guid(c61def7d43696244ea99a9704d69d0a9) Importer(815301076,1909f56bfc062723c751e8b465ee728b)  -> (artifact id: 'dd0e3780cef2b6fcd6144d9538b7a0c0') in 0.228968 seconds 
========================================================================
Received Import Request.
  Time since last request: 127.515140 seconds.
  path: Assets/PolygonDungeonRealms/Models/Characters/Characters.fbx
  artifactKey: Guid(9ad76de1617627d45ba4fa8ddf255af4) Importer(815301076,1909f56bfc062723c751e8b465ee728b)
Start importing Assets/PolygonDungeonRealms/Models/Characters/Characters.fbx using Guid(9ad76de1617627d45ba4fa8ddf255af4) Importer(815301076,1909f56bfc062723c751e8b465ee728b)  -> (artifact id: 'b5e5418fe191b4e9d32e04dacffd7005') in 0.125553 seconds 
========================================================================
Received Import Request.
  Time since last request: 107.698217 seconds.
  path: Assets/PolygonDungeonRealms/Models/Characters/Characters.fbx
  artifactKey: Guid(9ad76de1617627d45ba4fa8ddf255af4) Importer(815301076,1909f56bfc062723c751e8b465ee728b)
Start importing Assets/PolygonDungeonRealms/Models/Characters/Characters.fbx using Guid(9ad76de1617627d45ba4fa8ddf255af4) Importer(815301076,1909f56bfc062723c751e8b465ee728b)  -> (artifact id: '0018f6ab86dc1324d248276385624602') in 0.128926 seconds 
========================================================================
Received Import Request.
  Time since last request: 4.576107 seconds.
  path: Assets/PolygonDungeonRealms/Models/Characters/Characters.fbx
  artifactKey: Guid(9ad76de1617627d45ba4fa8ddf255af4) Importer(815301076,1909f56bfc062723c751e8b465ee728b)
Start importing Assets/PolygonDungeonRealms/Models/Characters/Characters.fbx using Guid(9ad76de1617627d45ba4fa8ddf255af4) Importer(815301076,1909f56bfc062723c751e8b465ee728b)  -> (artifact id: '6657bdc73c98dfa32965c41f9f0c8348') in 0.200990 seconds 
========================================================================
Received Prepare
Registering precompiled user dll's ...
Registered in 0.003651 seconds.
Begin MonoManager ReloadAssembly
Native extension for WindowsStandalone target not found
Native extension for WebGL target not found
Refreshing native plugins compatible for Editor in 0.59 ms, found 2 plugins.
Preloading 0 native plugins for Editor in 0.00 ms.
Mono: successfully reloaded assembly
- Completed reload, in  0.894 seconds
Domain Reload Profiling:
	ReloadAssembly (895ms)
		BeginReloadAssembly (114ms)
			ExecutionOrderSort (0ms)
			DisableScriptedObjects (4ms)
			BackupInstance (0ms)
			ReleaseScriptingObjects (0ms)
			CreateAndSetChildDomain (29ms)
		EndReloadAssembly (722ms)
			LoadAssemblies (98ms)
			RebuildTransferFunctionScriptingTraits (0ms)
			SetupTypeCache (239ms)
			ReleaseScriptCaches (1ms)
			RebuildScriptCaches (36ms)
			SetupLoadedEditorAssemblies (273ms)
				LogAssemblyErrors (0ms)
				InitializePlatformSupportModulesInManaged (5ms)
				SetLoadedEditorAssemblies (0ms)
				RefreshPlugins (1ms)
				BeforeProcessingInitializeOnLoad (71ms)
				ProcessInitializeOnLoadAttributes (179ms)
				ProcessInitializeOnLoadMethodAttributes (8ms)
				AfterProcessingInitializeOnLoad (8ms)
				EditorAssembliesLoaded (0ms)
			ExecutionOrderSort2 (0ms)
			AwakeInstancesAfterBackupRestoration (6ms)
Platform modules already initialized, skipping
Refreshing native plugins compatible for Editor in 0.57 ms, found 2 plugins.
Preloading 0 native plugins for Editor in 0.00 ms.
Unloading 1507 Unused Serialized files (Serialized files now loaded: 0)
System memory in use before: 103.7 MB.
System memory in use after: 103.8 MB.

Unloading 11 unused Assets to reduce memory usage. Loaded Objects now: 2027.
Total: 2.648800 ms (FindLiveObjects: 0.136300 ms CreateObjectMapping: 0.053800 ms MarkObjects: 2.434900 ms  DeleteObjects: 0.023100 ms)

AssetImportParameters requested are different than current active one (requested -> active):
  custom:framework-win-MediaFoundation: 216162199b28c13a410421893ffa2e32 -> 
  custom:video-decoder-ogg-theora: a1e56fd34408186e4bbccfd4996cb3dc -> 
  custom:container-muxer-webm: aa71ff27fc2769a1b78a27578f13a17b -> 
  custom:container-demuxer-webm: 4f35f7cbe854078d1ac9338744f61a02 -> 
  custom:container-demuxer-ogg: 62fdf1f143b41e24485cea50d1cbac27 -> 
  custom:video-encoder-webm-vp8: eb34c28f22e8b96e1ab97ce403110664 -> 
  custom:video-decoder-webm-vp8: 9c59270c3fd7afecdb556c50c9e8de78 -> 
  custom:audio-decoder-ogg-vorbis: bf7c407c2cedff20999df2af8eb42d56 -> 
  custom:audio-encoder-webm-vorbis: bf7c407c2cedff20999df2af8eb42d56 -> 
========================================================================
Received Import Request.
  Time since last request: 168.826109 seconds.
  path: Assets/PolygonDungeonRealms/Materials/Alternates
  artifactKey: Guid(5623258d8a28c14499d08d5fac352bce) Importer(815301076,1909f56bfc062723c751e8b465ee728b)
Start importing Assets/PolygonDungeonRealms/Materials/Alternates using Guid(5623258d8a28c14499d08d5fac352bce) Importer(815301076,1909f56bfc062723c751e8b465ee728b)  -> (artifact id: 'c2dc64ab3993dc83097ae7cbcc7a7ff3') in 0.008506 seconds 
========================================================================
Received Import Request.
  Time since last request: 8.110370 seconds.
  path: Assets/PolygonDungeonRealms/Models/Materials
  artifactKey: Guid(5f514a449c567e54ca48b31ec463a459) Importer(815301076,1909f56bfc062723c751e8b465ee728b)
Start importing Assets/PolygonDungeonRealms/Models/Materials using Guid(5f514a449c567e54ca48b31ec463a459) Importer(815301076,1909f56bfc062723c751e8b465ee728b)  -> (artifact id: '50109cf3f3bfad24640126ab7d7c8b01') in 0.006737 seconds 
========================================================================
Received Import Request.
  Time since last request: 157.886478 seconds.
  path: Assets/PolygonDungeonRealms/Models/FX_Cart_Mesh_01.fbx
  artifactKey: Guid(2d8ca7f59b0badd4db5d3c5d204e0964) Importer(815301076,1909f56bfc062723c751e8b465ee728b)
Start importing Assets/PolygonDungeonRealms/Models/FX_Cart_Mesh_01.fbx using Guid(2d8ca7f59b0badd4db5d3c5d204e0964) Importer(815301076,1909f56bfc062723c751e8b465ee728b)  -> (artifact id: '29eaee6adbd602d8ced2428e23ca6b05') in 0.068206 seconds 
AssetImportWorkerClient::OnTransportError - code=2 error=End of file
