Using pre-set license
Built from '2020.3/staging' branch; Version is '2020.3.30f1 (1fb1bf06830e) revision 2077119'; Using compiler version '192528614'; Build Type 'Release'
OS: 'Windows 10  (10.0.19044) 64bit Core' Language: 'ko' Physical Memory: 16303 MB
BatchMode: 1, IsHumanControllingUs: 0, StartBugReporterOnCrash: 0, Is64bit: 1, IsPro: 0

COMMAND LINE ARGUMENTS:
C:\Program Files\Unity\Hub\Editor\2020.3.30f1\Editor\Unity.exe
-adb2
-batchMode
-noUpm
-name
AssetImportWorker0
-projectPath
C:/Users/medici/Documents/GitHub/MarkWorriors/MarkWorriors
-logFile
Logs/AssetImportWorker0.log
-srvPort
56405
Successfully changed project path to: C:/Users/medici/Documents/GitHub/MarkWorriors/MarkWorriors
C:/Users/medici/Documents/GitHub/MarkWorriors/MarkWorriors
Using Asset Import Pipeline V2.
Refreshing native plugins compatible for Editor in 56.81 ms, found 2 plugins.
Preloading 0 native plugins for Editor in 0.00 ms.
Initialize engine version: 2020.3.30f1 (1fb1bf06830e)
[Subsystems] Discovering subsystems at path C:/Program Files/Unity/Hub/Editor/2020.3.30f1/Editor/Data/Resources/UnitySubsystems
[Subsystems] Discovering subsystems at path C:/Users/medici/Documents/GitHub/MarkWorriors/MarkWorriors/Assets
GfxDevice: creating device client; threaded=0
Direct3D:
    Version:  Direct3D 11.0 [level 11.1]
    Renderer: NVIDIA GeForce RTX 2070 with Max-Q Design (ID=0x1f50)
    Vendor:   
    VRAM:     8031 MB
    Driver:   26.21.14.3165
Initialize mono
Mono path[0] = 'C:/Program Files/Unity/Hub/Editor/2020.3.30f1/Editor/Data/Managed'
Mono path[1] = 'C:/Program Files/Unity/Hub/Editor/2020.3.30f1/Editor/Data/MonoBleedingEdge/lib/mono/unityjit'
Mono config path = 'C:/Program Files/Unity/Hub/Editor/2020.3.30f1/Editor/Data/MonoBleedingEdge/etc'
Using monoOptions --debugger-agent=transport=dt_socket,embedding=1,server=y,suspend=n,address=127.0.0.1:56240
Begin MonoManager ReloadAssembly
Registering precompiled unity dll's ...
Register platform support module: C:/Program Files/Unity/Hub/Editor/2020.3.30f1/Editor/Data/PlaybackEngines/WebGLSupport/UnityEditor.WebGL.Extensions.dll
Register platform support module: C:/Program Files/Unity/Hub/Editor/2020.3.30f1/Editor/Data/PlaybackEngines/WindowsStandaloneSupport/UnityEditor.WindowsStandalone.Extensions.dll
Registered in 0.003030 seconds.
Native extension for WindowsStandalone target not found
Native extension for WebGL target not found
Refreshing native plugins compatible for Editor in 56.53 ms, found 2 plugins.
Preloading 0 native plugins for Editor in 0.00 ms.
Mono: successfully reloaded assembly
- Completed reload, in  0.615 seconds
Domain Reload Profiling:
	ReloadAssembly (615ms)
		BeginReloadAssembly (74ms)
			ExecutionOrderSort (0ms)
			DisableScriptedObjects (0ms)
			BackupInstance (0ms)
			ReleaseScriptingObjects (0ms)
			CreateAndSetChildDomain (1ms)
		EndReloadAssembly (466ms)
			LoadAssemblies (72ms)
			RebuildTransferFunctionScriptingTraits (0ms)
			SetupTypeCache (145ms)
			ReleaseScriptCaches (0ms)
			RebuildScriptCaches (31ms)
			SetupLoadedEditorAssemblies (183ms)
				LogAssemblyErrors (0ms)
				InitializePlatformSupportModulesInManaged (6ms)
				SetLoadedEditorAssemblies (0ms)
				RefreshPlugins (57ms)
				BeforeProcessingInitializeOnLoad (16ms)
				ProcessInitializeOnLoadAttributes (77ms)
				ProcessInitializeOnLoadMethodAttributes (27ms)
				AfterProcessingInitializeOnLoad (0ms)
				EditorAssembliesLoaded (0ms)
			ExecutionOrderSort2 (0ms)
			AwakeInstancesAfterBackupRestoration (0ms)
Platform modules already initialized, skipping
Registering precompiled user dll's ...
Registered in 0.003999 seconds.
Begin MonoManager ReloadAssembly
Native extension for WindowsStandalone target not found
Native extension for WebGL target not found
Refreshing native plugins compatible for Editor in 0.57 ms, found 2 plugins.
Preloading 0 native plugins for Editor in 0.00 ms.
Mono: successfully reloaded assembly
- Completed reload, in  0.968 seconds
Domain Reload Profiling:
	ReloadAssembly (969ms)
		BeginReloadAssembly (156ms)
			ExecutionOrderSort (0ms)
			DisableScriptedObjects (5ms)
			BackupInstance (0ms)
			ReleaseScriptingObjects (0ms)
			CreateAndSetChildDomain (18ms)
		EndReloadAssembly (752ms)
			LoadAssemblies (101ms)
			RebuildTransferFunctionScriptingTraits (0ms)
			SetupTypeCache (253ms)
			ReleaseScriptCaches (0ms)
			RebuildScriptCaches (39ms)
			SetupLoadedEditorAssemblies (287ms)
				LogAssemblyErrors (0ms)
				InitializePlatformSupportModulesInManaged (6ms)
				SetLoadedEditorAssemblies (0ms)
				RefreshPlugins (1ms)
				BeforeProcessingInitializeOnLoad (76ms)
				ProcessInitializeOnLoadAttributes (187ms)
				ProcessInitializeOnLoadMethodAttributes (8ms)
				AfterProcessingInitializeOnLoad (8ms)
				EditorAssembliesLoaded (0ms)
			ExecutionOrderSort2 (0ms)
			AwakeInstancesAfterBackupRestoration (6ms)
Platform modules already initialized, skipping
========================================================================
Worker process is ready to serve import requests
Launched and connected shader compiler UnityShaderCompiler.exe after 0.07 seconds
Refreshing native plugins compatible for Editor in 0.56 ms, found 2 plugins.
Preloading 0 native plugins for Editor in 0.00 ms.
Unloading 1513 Unused Serialized files (Serialized files now loaded: 0)
System memory in use before: 86.5 MB.
System memory in use after: 86.6 MB.

Unloading 16 unused Assets to reduce memory usage. Loaded Objects now: 1963.
Total: 2.784500 ms (FindLiveObjects: 0.134900 ms CreateObjectMapping: 0.046400 ms MarkObjects: 2.532600 ms  DeleteObjects: 0.069900 ms)

AssetImportParameters requested are different than current active one (requested -> active):
  custom:framework-win-MediaFoundation: 216162199b28c13a410421893ffa2e32 -> 
  custom:video-decoder-ogg-theora: a1e56fd34408186e4bbccfd4996cb3dc -> 
  custom:container-muxer-webm: aa71ff27fc2769a1b78a27578f13a17b -> 
  custom:container-demuxer-webm: 4f35f7cbe854078d1ac9338744f61a02 -> 
  custom:container-demuxer-ogg: 62fdf1f143b41e24485cea50d1cbac27 -> 
  custom:video-encoder-webm-vp8: eb34c28f22e8b96e1ab97ce403110664 -> 
  custom:video-decoder-webm-vp8: 9c59270c3fd7afecdb556c50c9e8de78 -> 
  custom:audio-decoder-ogg-vorbis: bf7c407c2cedff20999df2af8eb42d56 -> 
  custom:audio-encoder-webm-vorbis: bf7c407c2cedff20999df2af8eb42d56 -> 
========================================================================
Received Import Request.
  path: Assets/PolygonDungeonRealms/Models/Characters/Hip Hop Dancing (1).fbx
  artifactKey: Guid(453a795465d08d7468c39c15fb9ca455) Importer(815301076,1909f56bfc062723c751e8b465ee728b)
Start importing Assets/PolygonDungeonRealms/Models/Characters/Hip Hop Dancing (1).fbx using Guid(453a795465d08d7468c39c15fb9ca455) Importer(815301076,1909f56bfc062723c751e8b465ee728b)  -> (artifact id: '6dd1744eefd1f66d1a921819dd169dad') in 0.308045 seconds 
========================================================================
Received Import Request.
  Time since last request: 20.498208 seconds.
  path: Assets/PolygonDungeonRealms/Models/Characters/Hip Hop Dancing (1).fbx
  artifactKey: Guid(453a795465d08d7468c39c15fb9ca455) Importer(815301076,1909f56bfc062723c751e8b465ee728b)
Start importing Assets/PolygonDungeonRealms/Models/Characters/Hip Hop Dancing (1).fbx using Guid(453a795465d08d7468c39c15fb9ca455) Importer(815301076,1909f56bfc062723c751e8b465ee728b)  -> (artifact id: '2461af230d0d9bec9446ba798b5b2646') in 0.167079 seconds 
========================================================================
Received Import Request.
  Time since last request: 25.614972 seconds.
  path: Assets/AC_human.controller
  artifactKey: Guid(a5b60a43b5398de42ba2fbd96f7843bc) Importer(815301076,1909f56bfc062723c751e8b465ee728b)
Start importing Assets/AC_human.controller using Guid(a5b60a43b5398de42ba2fbd96f7843bc) Importer(815301076,1909f56bfc062723c751e8b465ee728b)  -> (artifact id: '8545594fba6dd1efc8e78216f74919b1') in 0.011352 seconds 
========================================================================
Received Prepare
Registering precompiled user dll's ...
Registered in 0.005063 seconds.
Begin MonoManager ReloadAssembly
Native extension for WindowsStandalone target not found
Native extension for WebGL target not found
Refreshing native plugins compatible for Editor in 0.59 ms, found 2 plugins.
Preloading 0 native plugins for Editor in 0.00 ms.
Mono: successfully reloaded assembly
- Completed reload, in  0.909 seconds
Domain Reload Profiling:
	ReloadAssembly (909ms)
		BeginReloadAssembly (120ms)
			ExecutionOrderSort (0ms)
			DisableScriptedObjects (4ms)
			BackupInstance (0ms)
			ReleaseScriptingObjects (0ms)
			CreateAndSetChildDomain (30ms)
		EndReloadAssembly (730ms)
			LoadAssemblies (101ms)
			RebuildTransferFunctionScriptingTraits (0ms)
			SetupTypeCache (247ms)
			ReleaseScriptCaches (1ms)
			RebuildScriptCaches (35ms)
			SetupLoadedEditorAssemblies (271ms)
				LogAssemblyErrors (0ms)
				InitializePlatformSupportModulesInManaged (5ms)
				SetLoadedEditorAssemblies (0ms)
				RefreshPlugins (1ms)
				BeforeProcessingInitializeOnLoad (71ms)
				ProcessInitializeOnLoadAttributes (177ms)
				ProcessInitializeOnLoadMethodAttributes (8ms)
				AfterProcessingInitializeOnLoad (8ms)
				EditorAssembliesLoaded (0ms)
			ExecutionOrderSort2 (0ms)
			AwakeInstancesAfterBackupRestoration (7ms)
Platform modules already initialized, skipping
Refreshing native plugins compatible for Editor in 0.57 ms, found 2 plugins.
Preloading 0 native plugins for Editor in 0.00 ms.
Unloading 1507 Unused Serialized files (Serialized files now loaded: 0)
System memory in use before: 103.4 MB.
System memory in use after: 103.5 MB.

Unloading 11 unused Assets to reduce memory usage. Loaded Objects now: 2010.
Total: 2.618900 ms (FindLiveObjects: 0.109700 ms CreateObjectMapping: 0.040400 ms MarkObjects: 2.452500 ms  DeleteObjects: 0.015600 ms)

AssetImportParameters requested are different than current active one (requested -> active):
  custom:framework-win-MediaFoundation: 216162199b28c13a410421893ffa2e32 -> 
  custom:video-decoder-ogg-theora: a1e56fd34408186e4bbccfd4996cb3dc -> 
  custom:container-muxer-webm: aa71ff27fc2769a1b78a27578f13a17b -> 
  custom:container-demuxer-webm: 4f35f7cbe854078d1ac9338744f61a02 -> 
  custom:container-demuxer-ogg: 62fdf1f143b41e24485cea50d1cbac27 -> 
  custom:video-encoder-webm-vp8: eb34c28f22e8b96e1ab97ce403110664 -> 
  custom:video-decoder-webm-vp8: 9c59270c3fd7afecdb556c50c9e8de78 -> 
  custom:audio-decoder-ogg-vorbis: bf7c407c2cedff20999df2af8eb42d56 -> 
  custom:audio-encoder-webm-vorbis: bf7c407c2cedff20999df2af8eb42d56 -> 
========================================================================
Received Import Request.
  Time since last request: 93.375682 seconds.
  path: Assets/PolygonDungeonRealms/Models/Characters/Hip Hop Dancing (1).fbx
  artifactKey: Guid(453a795465d08d7468c39c15fb9ca455) Importer(815301076,1909f56bfc062723c751e8b465ee728b)
Start importing Assets/PolygonDungeonRealms/Models/Characters/Hip Hop Dancing (1).fbx using Guid(453a795465d08d7468c39c15fb9ca455) Importer(815301076,1909f56bfc062723c751e8b465ee728b)  -> (artifact id: '3c1fa6231cf735fd1cba98e01b04b306') in 0.192464 seconds 
========================================================================
Received Prepare
Registering precompiled user dll's ...
Registered in 0.004174 seconds.
Begin MonoManager ReloadAssembly
Native extension for WindowsStandalone target not found
Native extension for WebGL target not found
Refreshing native plugins compatible for Editor in 0.59 ms, found 2 plugins.
Preloading 0 native plugins for Editor in 0.00 ms.
Mono: successfully reloaded assembly
- Completed reload, in  0.928 seconds
Domain Reload Profiling:
	ReloadAssembly (928ms)
		BeginReloadAssembly (121ms)
			ExecutionOrderSort (0ms)
			DisableScriptedObjects (4ms)
			BackupInstance (0ms)
			ReleaseScriptingObjects (0ms)
			CreateAndSetChildDomain (31ms)
		EndReloadAssembly (746ms)
			LoadAssemblies (105ms)
			RebuildTransferFunctionScriptingTraits (0ms)
			SetupTypeCache (254ms)
			ReleaseScriptCaches (1ms)
			RebuildScriptCaches (37ms)
			SetupLoadedEditorAssemblies (275ms)
				LogAssemblyErrors (0ms)
				InitializePlatformSupportModulesInManaged (6ms)
				SetLoadedEditorAssemblies (1ms)
				RefreshPlugins (1ms)
				BeforeProcessingInitializeOnLoad (74ms)
				ProcessInitializeOnLoadAttributes (177ms)
				ProcessInitializeOnLoadMethodAttributes (8ms)
				AfterProcessingInitializeOnLoad (8ms)
				EditorAssembliesLoaded (0ms)
			ExecutionOrderSort2 (0ms)
			AwakeInstancesAfterBackupRestoration (7ms)
Platform modules already initialized, skipping
Refreshing native plugins compatible for Editor in 0.57 ms, found 2 plugins.
Preloading 0 native plugins for Editor in 0.00 ms.
Unloading 1507 Unused Serialized files (Serialized files now loaded: 0)
System memory in use before: 103.5 MB.
System memory in use after: 103.6 MB.

Unloading 11 unused Assets to reduce memory usage. Loaded Objects now: 2014.
Total: 2.638700 ms (FindLiveObjects: 0.114500 ms CreateObjectMapping: 0.044800 ms MarkObjects: 2.458600 ms  DeleteObjects: 0.019700 ms)

AssetImportParameters requested are different than current active one (requested -> active):
  custom:framework-win-MediaFoundation: 216162199b28c13a410421893ffa2e32 -> 
  custom:video-decoder-ogg-theora: a1e56fd34408186e4bbccfd4996cb3dc -> 
  custom:container-muxer-webm: aa71ff27fc2769a1b78a27578f13a17b -> 
  custom:container-demuxer-webm: 4f35f7cbe854078d1ac9338744f61a02 -> 
  custom:container-demuxer-ogg: 62fdf1f143b41e24485cea50d1cbac27 -> 
  custom:video-encoder-webm-vp8: eb34c28f22e8b96e1ab97ce403110664 -> 
  custom:video-decoder-webm-vp8: 9c59270c3fd7afecdb556c50c9e8de78 -> 
  custom:audio-decoder-ogg-vorbis: bf7c407c2cedff20999df2af8eb42d56 -> 
  custom:audio-encoder-webm-vorbis: bf7c407c2cedff20999df2af8eb42d56 -> 
========================================================================
Received Import Request.
  Time since last request: 34.869698 seconds.
  path: Assets/PolygonDungeonRealms/Models/Characters/Hip Hop Dancing (1).fbx
  artifactKey: Guid(453a795465d08d7468c39c15fb9ca455) Importer(815301076,1909f56bfc062723c751e8b465ee728b)
Start importing Assets/PolygonDungeonRealms/Models/Characters/Hip Hop Dancing (1).fbx using Guid(453a795465d08d7468c39c15fb9ca455) Importer(815301076,1909f56bfc062723c751e8b465ee728b)  -> (artifact id: '30937d8450a7a2529d93cbe78778cdf2') in 0.145878 seconds 
========================================================================
Received Import Request.
  Time since last request: 23.818096 seconds.
  path: Assets/AC_Demon.controller
  artifactKey: Guid(3b94606982c5e7c42b771894bd908ca6) Importer(815301076,1909f56bfc062723c751e8b465ee728b)
Start importing Assets/AC_Demon.controller using Guid(3b94606982c5e7c42b771894bd908ca6) Importer(815301076,1909f56bfc062723c751e8b465ee728b)  -> (artifact id: 'abc3992ab40c3c6a376174e5358b8c9e') in 0.012005 seconds 
========================================================================
Received Import Request.
  Time since last request: 73.420407 seconds.
  path: Assets/PolygonDungeonRealms/Prefabs/FX
  artifactKey: Guid(bf43fb20f45f2694bbf47bfbe3ec0510) Importer(815301076,1909f56bfc062723c751e8b465ee728b)
Start importing Assets/PolygonDungeonRealms/Prefabs/FX using Guid(bf43fb20f45f2694bbf47bfbe3ec0510) Importer(815301076,1909f56bfc062723c751e8b465ee728b)  -> (artifact id: '694b1420b7417775120eff457195b8e7') in 0.006781 seconds 
========================================================================
Received Import Request.
  Time since last request: 3.599674 seconds.
  path: Assets/PolygonDungeonRealms/Prefabs/Characters/Attachments
  artifactKey: Guid(a57997a363c71b340af9c094b6ab28ee) Importer(815301076,1909f56bfc062723c751e8b465ee728b)
Start importing Assets/PolygonDungeonRealms/Prefabs/Characters/Attachments using Guid(a57997a363c71b340af9c094b6ab28ee) Importer(815301076,1909f56bfc062723c751e8b465ee728b)  -> (artifact id: 'af246430693847b8e4368416d53a7af3') in 0.007042 seconds 
========================================================================
Received Import Request.
  Time since last request: 45.822479 seconds.
  path: Assets/PolygonDungeonRealms/Textures/Misc
  artifactKey: Guid(5bb6ea50155fad44e89f48ac07f2f741) Importer(815301076,1909f56bfc062723c751e8b465ee728b)
Start importing Assets/PolygonDungeonRealms/Textures/Misc using Guid(5bb6ea50155fad44e89f48ac07f2f741) Importer(815301076,1909f56bfc062723c751e8b465ee728b)  -> (artifact id: '7610f8a3b54f974fc6ccd98ec64bbff3') in 0.007232 seconds 
========================================================================
Received Import Request.
  Time since last request: 4.307192 seconds.
  path: Assets/PolygonDungeonRealms/Textures/Dungeons_2_Texture_04_A.png
  artifactKey: Guid(ca2ee8a5255af1e4cbecb47bd1ef41ea) Importer(815301076,1909f56bfc062723c751e8b465ee728b)
Start importing Assets/PolygonDungeonRealms/Textures/Dungeons_2_Texture_04_A.png using Guid(ca2ee8a5255af1e4cbecb47bd1ef41ea) Importer(815301076,1909f56bfc062723c751e8b465ee728b)  -> (artifact id: 'e5c8cce2cf4f26e47089be89aee259b1') in 0.049245 seconds 
========================================================================
Received Prepare
Registering precompiled user dll's ...
Registered in 0.003782 seconds.
Begin MonoManager ReloadAssembly
Native extension for WindowsStandalone target not found
Native extension for WebGL target not found
Refreshing native plugins compatible for Editor in 0.57 ms, found 2 plugins.
Preloading 0 native plugins for Editor in 0.00 ms.
Mono: successfully reloaded assembly
- Completed reload, in  0.890 seconds
Domain Reload Profiling:
	ReloadAssembly (890ms)
		BeginReloadAssembly (113ms)
			ExecutionOrderSort (0ms)
			DisableScriptedObjects (4ms)
			BackupInstance (0ms)
			ReleaseScriptingObjects (0ms)
			CreateAndSetChildDomain (28ms)
		EndReloadAssembly (718ms)
			LoadAssemblies (99ms)
			RebuildTransferFunctionScriptingTraits (0ms)
			SetupTypeCache (244ms)
			ReleaseScriptCaches (1ms)
			RebuildScriptCaches (35ms)
			SetupLoadedEditorAssemblies (267ms)
				LogAssemblyErrors (0ms)
				InitializePlatformSupportModulesInManaged (5ms)
				SetLoadedEditorAssemblies (0ms)
				RefreshPlugins (1ms)
				BeforeProcessingInitializeOnLoad (70ms)
				ProcessInitializeOnLoadAttributes (175ms)
				ProcessInitializeOnLoadMethodAttributes (8ms)
				AfterProcessingInitializeOnLoad (7ms)
				EditorAssembliesLoaded (0ms)
			ExecutionOrderSort2 (0ms)
			AwakeInstancesAfterBackupRestoration (6ms)
Platform modules already initialized, skipping
Refreshing native plugins compatible for Editor in 0.57 ms, found 2 plugins.
Preloading 0 native plugins for Editor in 0.00 ms.
Unloading 1507 Unused Serialized files (Serialized files now loaded: 0)
System memory in use before: 103.5 MB.
System memory in use after: 103.6 MB.

Unloading 11 unused Assets to reduce memory usage. Loaded Objects now: 2019.
Total: 2.753200 ms (FindLiveObjects: 0.126600 ms CreateObjectMapping: 0.038200 ms MarkObjects: 2.571800 ms  DeleteObjects: 0.016000 ms)

AssetImportParameters requested are different than current active one (requested -> active):
  custom:framework-win-MediaFoundation: 216162199b28c13a410421893ffa2e32 -> 
  custom:video-decoder-ogg-theora: a1e56fd34408186e4bbccfd4996cb3dc -> 
  custom:container-muxer-webm: aa71ff27fc2769a1b78a27578f13a17b -> 
  custom:container-demuxer-webm: 4f35f7cbe854078d1ac9338744f61a02 -> 
  custom:container-demuxer-ogg: 62fdf1f143b41e24485cea50d1cbac27 -> 
  custom:video-encoder-webm-vp8: eb34c28f22e8b96e1ab97ce403110664 -> 
  custom:video-decoder-webm-vp8: 9c59270c3fd7afecdb556c50c9e8de78 -> 
  custom:audio-decoder-ogg-vorbis: bf7c407c2cedff20999df2af8eb42d56 -> 
  custom:audio-encoder-webm-vorbis: bf7c407c2cedff20999df2af8eb42d56 -> 
========================================================================
Received Import Request.
  Time since last request: 415.494069 seconds.
  path: Assets/fdfs.controller
  artifactKey: Guid(88f7915a177061b4282a0e4f9254896d) Importer(815301076,1909f56bfc062723c751e8b465ee728b)
Start importing Assets/fdfs.controller using Guid(88f7915a177061b4282a0e4f9254896d) Importer(815301076,1909f56bfc062723c751e8b465ee728b)  -> (artifact id: 'bf8a03f22a79cdad37d3f732c89288bb') in 0.016058 seconds 
========================================================================
Received Import Request.
  Time since last request: 75.839382 seconds.
  path: Assets/PolygonDungeonRealms/Models/Characters/Hip Hop Dancing (1).fbx
  artifactKey: Guid(453a795465d08d7468c39c15fb9ca455) Importer(815301076,1909f56bfc062723c751e8b465ee728b)
Start importing Assets/PolygonDungeonRealms/Models/Characters/Hip Hop Dancing (1).fbx using Guid(453a795465d08d7468c39c15fb9ca455) Importer(815301076,1909f56bfc062723c751e8b465ee728b)  -> (artifact id: 'e99f6f2971b62ffb6c736320405da1e7') in 0.168102 seconds 
========================================================================
Received Import Request.
  Time since last request: 253.099842 seconds.
  path: Assets/PolygonDungeonRealms/Prefabs/Characters/Chr_BR_Dwarf_Soldier_Male_01.prefab
  artifactKey: Guid(5e0e2eede99162942be359c7281e338f) Importer(815301076,1909f56bfc062723c751e8b465ee728b)
Start importing Assets/PolygonDungeonRealms/Prefabs/Characters/Chr_BR_Dwarf_Soldier_Male_01.prefab using Guid(5e0e2eede99162942be359c7281e338f) Importer(815301076,1909f56bfc062723c751e8b465ee728b)  -> (artifact id: 'ec3dd7b52a169b15bb688b4e07008edf') in 0.084916 seconds 
========================================================================
Received Import Request.
  Time since last request: 17.195884 seconds.
  path: Assets/PolygonDungeonRealms/Prefabs/Characters/Chr_BR_Dwarf_Miner_01.prefab
  artifactKey: Guid(9738a54760a896d4fad41d7e94b87958) Importer(815301076,1909f56bfc062723c751e8b465ee728b)
Start importing Assets/PolygonDungeonRealms/Prefabs/Characters/Chr_BR_Dwarf_Miner_01.prefab using Guid(9738a54760a896d4fad41d7e94b87958) Importer(815301076,1909f56bfc062723c751e8b465ee728b)  -> (artifact id: '055938010b63ac7fde291fddb1204f50') in 0.071050 seconds 
========================================================================
Received Prepare
Registering precompiled user dll's ...
Registered in 0.003535 seconds.
Begin MonoManager ReloadAssembly
Native extension for WindowsStandalone target not found
Native extension for WebGL target not found
Refreshing native plugins compatible for Editor in 0.58 ms, found 2 plugins.
Preloading 0 native plugins for Editor in 0.00 ms.
Mono: successfully reloaded assembly
- Completed reload, in  0.905 seconds
Domain Reload Profiling:
	ReloadAssembly (905ms)
		BeginReloadAssembly (116ms)
			ExecutionOrderSort (0ms)
			DisableScriptedObjects (4ms)
			BackupInstance (0ms)
			ReleaseScriptingObjects (0ms)
			CreateAndSetChildDomain (29ms)
		EndReloadAssembly (730ms)
			LoadAssemblies (101ms)
			RebuildTransferFunctionScriptingTraits (0ms)
			SetupTypeCache (246ms)
			ReleaseScriptCaches (1ms)
			RebuildScriptCaches (37ms)
			SetupLoadedEditorAssemblies (271ms)
				LogAssemblyErrors (0ms)
				InitializePlatformSupportModulesInManaged (6ms)
				SetLoadedEditorAssemblies (0ms)
				RefreshPlugins (1ms)
				BeforeProcessingInitializeOnLoad (70ms)
				ProcessInitializeOnLoadAttributes (177ms)
				ProcessInitializeOnLoadMethodAttributes (8ms)
				AfterProcessingInitializeOnLoad (8ms)
				EditorAssembliesLoaded (0ms)
			ExecutionOrderSort2 (0ms)
			AwakeInstancesAfterBackupRestoration (6ms)
Platform modules already initialized, skipping
Refreshing native plugins compatible for Editor in 0.57 ms, found 2 plugins.
Preloading 0 native plugins for Editor in 0.00 ms.
Unloading 1507 Unused Serialized files (Serialized files now loaded: 0)
System memory in use before: 103.6 MB.
System memory in use after: 103.7 MB.

Unloading 11 unused Assets to reduce memory usage. Loaded Objects now: 2023.
Total: 2.490200 ms (FindLiveObjects: 0.120500 ms CreateObjectMapping: 0.044600 ms MarkObjects: 2.309200 ms  DeleteObjects: 0.015400 ms)

AssetImportParameters requested are different than current active one (requested -> active):
  custom:framework-win-MediaFoundation: 216162199b28c13a410421893ffa2e32 -> 
  custom:video-decoder-ogg-theora: a1e56fd34408186e4bbccfd4996cb3dc -> 
  custom:container-muxer-webm: aa71ff27fc2769a1b78a27578f13a17b -> 
  custom:container-demuxer-webm: 4f35f7cbe854078d1ac9338744f61a02 -> 
  custom:container-demuxer-ogg: 62fdf1f143b41e24485cea50d1cbac27 -> 
  custom:video-encoder-webm-vp8: eb34c28f22e8b96e1ab97ce403110664 -> 
  custom:video-decoder-webm-vp8: 9c59270c3fd7afecdb556c50c9e8de78 -> 
  custom:audio-decoder-ogg-vorbis: bf7c407c2cedff20999df2af8eb42d56 -> 
  custom:audio-encoder-webm-vorbis: bf7c407c2cedff20999df2af8eb42d56 -> 
========================================================================
Received Import Request.
  Time since last request: 228.232710 seconds.
  path: Assets/PolygonDungeonRealms/Prefabs/Characters/Chr_BR_Dwarf_Casual_Male_01.prefab
  artifactKey: Guid(a2de6afb577847a41b73cb3acf8e835f) Importer(815301076,1909f56bfc062723c751e8b465ee728b)
Start importing Assets/PolygonDungeonRealms/Prefabs/Characters/Chr_BR_Dwarf_Casual_Male_01.prefab using Guid(a2de6afb577847a41b73cb3acf8e835f) Importer(815301076,1909f56bfc062723c751e8b465ee728b)  -> (artifact id: 'cffa9be79f3eefa1cb0e195f3d9d19c4') in 0.112744 seconds 
========================================================================
Received Import Request.
  Time since last request: 5.067570 seconds.
  path: Assets/PolygonDungeonRealms/Prefabs/Characters/Chr_BR_Dwarf_Casual_Female_01.prefab
  artifactKey: Guid(05ecb317a3ea6a147ac4b2eb6ced4dc4) Importer(815301076,1909f56bfc062723c751e8b465ee728b)
Start importing Assets/PolygonDungeonRealms/Prefabs/Characters/Chr_BR_Dwarf_Casual_Female_01.prefab using Guid(05ecb317a3ea6a147ac4b2eb6ced4dc4) Importer(815301076,1909f56bfc062723c751e8b465ee728b)  -> (artifact id: '63115096d012d82a181d29614b81901b') in 0.071767 seconds 
========================================================================
Received Import Request.
  Time since last request: 0.649173 seconds.
  path: Assets/PolygonDungeonRealms/Prefabs/Characters/Chr_BR_Dwarf_King_01.prefab
  artifactKey: Guid(6483f7ec5894c384b9de01e9144a465a) Importer(815301076,1909f56bfc062723c751e8b465ee728b)
Start importing Assets/PolygonDungeonRealms/Prefabs/Characters/Chr_BR_Dwarf_King_01.prefab using Guid(6483f7ec5894c384b9de01e9144a465a) Importer(815301076,1909f56bfc062723c751e8b465ee728b)  -> (artifact id: '868665b359bac4628245c1727452a955') in 0.055243 seconds 
========================================================================
Received Import Request.
  Time since last request: 1.595040 seconds.
  path: Assets/PolygonDungeonRealms/Prefabs/Characters/Chr_Nomad_Female_01.prefab
  artifactKey: Guid(10202ef1ef7802a4a8bafb709626e655) Importer(815301076,1909f56bfc062723c751e8b465ee728b)
Start importing Assets/PolygonDungeonRealms/Prefabs/Characters/Chr_Nomad_Female_01.prefab using Guid(10202ef1ef7802a4a8bafb709626e655) Importer(815301076,1909f56bfc062723c751e8b465ee728b)  -> (artifact id: '0e103e683212df23049c5035ae32648d') in 0.056594 seconds 
========================================================================
Received Import Request.
  Time since last request: 0.442024 seconds.
  path: Assets/PolygonDungeonRealms/Prefabs/Characters/Chr_BR_Dwarf_Soldier_Female_01.prefab
  artifactKey: Guid(9e880c5e179ee524bb8f0b639c5d34cb) Importer(815301076,1909f56bfc062723c751e8b465ee728b)
Start importing Assets/PolygonDungeonRealms/Prefabs/Characters/Chr_BR_Dwarf_Soldier_Female_01.prefab using Guid(9e880c5e179ee524bb8f0b639c5d34cb) Importer(815301076,1909f56bfc062723c751e8b465ee728b)  -> (artifact id: 'e86f519710f5fb6267d9af233ede7765') in 0.052714 seconds 
========================================================================
Received Prepare
Registering precompiled user dll's ...
Registered in 0.003647 seconds.
Begin MonoManager ReloadAssembly
Native extension for WindowsStandalone target not found
Native extension for WebGL target not found
Refreshing native plugins compatible for Editor in 0.57 ms, found 2 plugins.
Preloading 0 native plugins for Editor in 0.00 ms.
Mono: successfully reloaded assembly
- Completed reload, in  0.947 seconds
Domain Reload Profiling:
	ReloadAssembly (948ms)
		BeginReloadAssembly (119ms)
			ExecutionOrderSort (0ms)
			DisableScriptedObjects (5ms)
			BackupInstance (0ms)
			ReleaseScriptingObjects (0ms)
			CreateAndSetChildDomain (30ms)
		EndReloadAssembly (768ms)
			LoadAssemblies (105ms)
			RebuildTransferFunctionScriptingTraits (0ms)
			SetupTypeCache (256ms)
			ReleaseScriptCaches (1ms)
			RebuildScriptCaches (39ms)
			SetupLoadedEditorAssemblies (275ms)
				LogAssemblyErrors (0ms)
				InitializePlatformSupportModulesInManaged (6ms)
				SetLoadedEditorAssemblies (0ms)
				RefreshPlugins (1ms)
				BeforeProcessingInitializeOnLoad (71ms)
				ProcessInitializeOnLoadAttributes (181ms)
				ProcessInitializeOnLoadMethodAttributes (8ms)
				AfterProcessingInitializeOnLoad (7ms)
				EditorAssembliesLoaded (0ms)
			ExecutionOrderSort2 (0ms)
			AwakeInstancesAfterBackupRestoration (7ms)
Platform modules already initialized, skipping
Refreshing native plugins compatible for Editor in 0.57 ms, found 2 plugins.
Preloading 0 native plugins for Editor in 0.00 ms.
Unloading 1507 Unused Serialized files (Serialized files now loaded: 0)
System memory in use before: 103.6 MB.
System memory in use after: 103.7 MB.

Unloading 11 unused Assets to reduce memory usage. Loaded Objects now: 2027.
Total: 2.506300 ms (FindLiveObjects: 0.126100 ms CreateObjectMapping: 0.043000 ms MarkObjects: 2.319800 ms  DeleteObjects: 0.016600 ms)

AssetImportParameters requested are different than current active one (requested -> active):
  custom:framework-win-MediaFoundation: 216162199b28c13a410421893ffa2e32 -> 
  custom:video-decoder-ogg-theora: a1e56fd34408186e4bbccfd4996cb3dc -> 
  custom:container-muxer-webm: aa71ff27fc2769a1b78a27578f13a17b -> 
  custom:container-demuxer-webm: 4f35f7cbe854078d1ac9338744f61a02 -> 
  custom:container-demuxer-ogg: 62fdf1f143b41e24485cea50d1cbac27 -> 
  custom:video-encoder-webm-vp8: eb34c28f22e8b96e1ab97ce403110664 -> 
  custom:video-decoder-webm-vp8: 9c59270c3fd7afecdb556c50c9e8de78 -> 
  custom:audio-decoder-ogg-vorbis: bf7c407c2cedff20999df2af8eb42d56 -> 
  custom:audio-encoder-webm-vorbis: bf7c407c2cedff20999df2af8eb42d56 -> 
AssetImportWorkerClient::OnTransportError - code=2 error=End of file
